// PARSE ACTIONS DICTIONARY
public Dictionary<KeyValuePair<int, TokenType>, ParseAction> CreateActionsTable()
{
return new Dictionary<KeyValuePair<int, TokenType>, ParseAction>()
{
	{ new KeyValuePair<int, TokenType>(79, TokenType.NOT), new ParseAction(ParseActionKind.SHIFT, 104) },
	{ new KeyValuePair<int, TokenType>(91, TokenType.NOT), new ParseAction(ParseActionKind.SHIFT, 104) },
	{ new KeyValuePair<int, TokenType>(98, TokenType.NOT), new ParseAction(ParseActionKind.SHIFT, 104) },
	{ new KeyValuePair<int, TokenType>(101, TokenType.NOT), new ParseAction(ParseActionKind.SHIFT, 104) },
	{ new KeyValuePair<int, TokenType>(104, TokenType.NOT), new ParseAction(ParseActionKind.SHIFT, 104) },
	{ new KeyValuePair<int, TokenType>(28, TokenType.AND), new ParseAction(ParseActionKind.REDUCE, 54) },
	{ new KeyValuePair<int, TokenType>(29, TokenType.AND), new ParseAction(ParseActionKind.REDUCE, 42) },
	{ new KeyValuePair<int, TokenType>(30, TokenType.AND), new ParseAction(ParseActionKind.REDUCE, 41) },
	{ new KeyValuePair<int, TokenType>(31, TokenType.AND), new ParseAction(ParseActionKind.REDUCE, 40) },
	{ new KeyValuePair<int, TokenType>(32, TokenType.AND), new ParseAction(ParseActionKind.REDUCE, 39) },
	{ new KeyValuePair<int, TokenType>(34, TokenType.AND), new ParseAction(ParseActionKind.REDUCE, 45) },
	{ new KeyValuePair<int, TokenType>(35, TokenType.AND), new ParseAction(ParseActionKind.REDUCE, 47) },
	{ new KeyValuePair<int, TokenType>(37, TokenType.AND), new ParseAction(ParseActionKind.REDUCE, 46) },
	{ new KeyValuePair<int, TokenType>(38, TokenType.AND), new ParseAction(ParseActionKind.REDUCE, 52) },
	{ new KeyValuePair<int, TokenType>(39, TokenType.AND), new ParseAction(ParseActionKind.REDUCE, 51) },
	{ new KeyValuePair<int, TokenType>(40, TokenType.AND), new ParseAction(ParseActionKind.REDUCE, 50) },
	{ new KeyValuePair<int, TokenType>(41, TokenType.AND), new ParseAction(ParseActionKind.REDUCE, 49) },
	{ new KeyValuePair<int, TokenType>(44, TokenType.AND), new ParseAction(ParseActionKind.REDUCE, 58) },
	{ new KeyValuePair<int, TokenType>(46, TokenType.AND), new ParseAction(ParseActionKind.REDUCE, 60) },
	{ new KeyValuePair<int, TokenType>(48, TokenType.AND), new ParseAction(ParseActionKind.REDUCE, 59) },
	{ new KeyValuePair<int, TokenType>(52, TokenType.AND), new ParseAction(ParseActionKind.REDUCE, 38) },
	{ new KeyValuePair<int, TokenType>(53, TokenType.AND), new ParseAction(ParseActionKind.REDUCE, 37) },
	{ new KeyValuePair<int, TokenType>(54, TokenType.AND), new ParseAction(ParseActionKind.REDUCE, 36) },
	{ new KeyValuePair<int, TokenType>(57, TokenType.AND), new ParseAction(ParseActionKind.REDUCE, 48) },
	{ new KeyValuePair<int, TokenType>(59, TokenType.AND), new ParseAction(ParseActionKind.REDUCE, 53) },
	{ new KeyValuePair<int, TokenType>(60, TokenType.AND), new ParseAction(ParseActionKind.REDUCE, 56) },
	{ new KeyValuePair<int, TokenType>(61, TokenType.AND), new ParseAction(ParseActionKind.REDUCE, 55) },
	{ new KeyValuePair<int, TokenType>(62, TokenType.AND), new ParseAction(ParseActionKind.REDUCE, 64) },
	{ new KeyValuePair<int, TokenType>(63, TokenType.AND), new ParseAction(ParseActionKind.REDUCE, 63) },
	{ new KeyValuePair<int, TokenType>(64, TokenType.AND), new ParseAction(ParseActionKind.REDUCE, 57) },
	{ new KeyValuePair<int, TokenType>(66, TokenType.AND), new ParseAction(ParseActionKind.REDUCE, 44) },
	{ new KeyValuePair<int, TokenType>(68, TokenType.AND), new ParseAction(ParseActionKind.REDUCE, 43) },
	{ new KeyValuePair<int, TokenType>(100, TokenType.AND), new ParseAction(ParseActionKind.SHIFT, 101) },
	{ new KeyValuePair<int, TokenType>(103, TokenType.AND), new ParseAction(ParseActionKind.REDUCE, 70) },
	{ new KeyValuePair<int, TokenType>(105, TokenType.AND), new ParseAction(ParseActionKind.REDUCE, 69) },
	{ new KeyValuePair<int, TokenType>(28, TokenType.OR), new ParseAction(ParseActionKind.REDUCE, 54) },
	{ new KeyValuePair<int, TokenType>(29, TokenType.OR), new ParseAction(ParseActionKind.REDUCE, 42) },
	{ new KeyValuePair<int, TokenType>(30, TokenType.OR), new ParseAction(ParseActionKind.REDUCE, 41) },
	{ new KeyValuePair<int, TokenType>(31, TokenType.OR), new ParseAction(ParseActionKind.REDUCE, 40) },
	{ new KeyValuePair<int, TokenType>(32, TokenType.OR), new ParseAction(ParseActionKind.REDUCE, 39) },
	{ new KeyValuePair<int, TokenType>(34, TokenType.OR), new ParseAction(ParseActionKind.REDUCE, 45) },
	{ new KeyValuePair<int, TokenType>(35, TokenType.OR), new ParseAction(ParseActionKind.REDUCE, 47) },
	{ new KeyValuePair<int, TokenType>(37, TokenType.OR), new ParseAction(ParseActionKind.REDUCE, 46) },
	{ new KeyValuePair<int, TokenType>(38, TokenType.OR), new ParseAction(ParseActionKind.REDUCE, 52) },
	{ new KeyValuePair<int, TokenType>(39, TokenType.OR), new ParseAction(ParseActionKind.REDUCE, 51) },
	{ new KeyValuePair<int, TokenType>(40, TokenType.OR), new ParseAction(ParseActionKind.REDUCE, 50) },
	{ new KeyValuePair<int, TokenType>(41, TokenType.OR), new ParseAction(ParseActionKind.REDUCE, 49) },
	{ new KeyValuePair<int, TokenType>(44, TokenType.OR), new ParseAction(ParseActionKind.REDUCE, 58) },
	{ new KeyValuePair<int, TokenType>(46, TokenType.OR), new ParseAction(ParseActionKind.REDUCE, 60) },
	{ new KeyValuePair<int, TokenType>(48, TokenType.OR), new ParseAction(ParseActionKind.REDUCE, 59) },
	{ new KeyValuePair<int, TokenType>(52, TokenType.OR), new ParseAction(ParseActionKind.REDUCE, 38) },
	{ new KeyValuePair<int, TokenType>(53, TokenType.OR), new ParseAction(ParseActionKind.REDUCE, 37) },
	{ new KeyValuePair<int, TokenType>(54, TokenType.OR), new ParseAction(ParseActionKind.REDUCE, 36) },
	{ new KeyValuePair<int, TokenType>(57, TokenType.OR), new ParseAction(ParseActionKind.REDUCE, 48) },
	{ new KeyValuePair<int, TokenType>(59, TokenType.OR), new ParseAction(ParseActionKind.REDUCE, 53) },
	{ new KeyValuePair<int, TokenType>(60, TokenType.OR), new ParseAction(ParseActionKind.REDUCE, 56) },
	{ new KeyValuePair<int, TokenType>(61, TokenType.OR), new ParseAction(ParseActionKind.REDUCE, 55) },
	{ new KeyValuePair<int, TokenType>(62, TokenType.OR), new ParseAction(ParseActionKind.REDUCE, 64) },
	{ new KeyValuePair<int, TokenType>(63, TokenType.OR), new ParseAction(ParseActionKind.REDUCE, 63) },
	{ new KeyValuePair<int, TokenType>(64, TokenType.OR), new ParseAction(ParseActionKind.REDUCE, 57) },
	{ new KeyValuePair<int, TokenType>(66, TokenType.OR), new ParseAction(ParseActionKind.REDUCE, 44) },
	{ new KeyValuePair<int, TokenType>(68, TokenType.OR), new ParseAction(ParseActionKind.REDUCE, 43) },
	{ new KeyValuePair<int, TokenType>(97, TokenType.OR), new ParseAction(ParseActionKind.SHIFT, 98) },
	{ new KeyValuePair<int, TokenType>(100, TokenType.OR), new ParseAction(ParseActionKind.REDUCE, 67) },
	{ new KeyValuePair<int, TokenType>(102, TokenType.OR), new ParseAction(ParseActionKind.REDUCE, 68) },
	{ new KeyValuePair<int, TokenType>(103, TokenType.OR), new ParseAction(ParseActionKind.REDUCE, 70) },
	{ new KeyValuePair<int, TokenType>(105, TokenType.OR), new ParseAction(ParseActionKind.REDUCE, 69) },
	{ new KeyValuePair<int, TokenType>(24, TokenType.FALSE), new ParseAction(ParseActionKind.SHIFT, 62) },
	{ new KeyValuePair<int, TokenType>(27, TokenType.FALSE), new ParseAction(ParseActionKind.SHIFT, 62) },
	{ new KeyValuePair<int, TokenType>(33, TokenType.FALSE), new ParseAction(ParseActionKind.SHIFT, 62) },
	{ new KeyValuePair<int, TokenType>(36, TokenType.FALSE), new ParseAction(ParseActionKind.SHIFT, 62) },
	{ new KeyValuePair<int, TokenType>(45, TokenType.FALSE), new ParseAction(ParseActionKind.SHIFT, 62) },
	{ new KeyValuePair<int, TokenType>(50, TokenType.FALSE), new ParseAction(ParseActionKind.SHIFT, 62) },
	{ new KeyValuePair<int, TokenType>(55, TokenType.FALSE), new ParseAction(ParseActionKind.SHIFT, 62) },
	{ new KeyValuePair<int, TokenType>(58, TokenType.FALSE), new ParseAction(ParseActionKind.SHIFT, 62) },
	{ new KeyValuePair<int, TokenType>(65, TokenType.FALSE), new ParseAction(ParseActionKind.SHIFT, 62) },
	{ new KeyValuePair<int, TokenType>(67, TokenType.FALSE), new ParseAction(ParseActionKind.SHIFT, 62) },
	{ new KeyValuePair<int, TokenType>(76, TokenType.FALSE), new ParseAction(ParseActionKind.SHIFT, 62) },
	{ new KeyValuePair<int, TokenType>(79, TokenType.FALSE), new ParseAction(ParseActionKind.SHIFT, 62) },
	{ new KeyValuePair<int, TokenType>(91, TokenType.FALSE), new ParseAction(ParseActionKind.SHIFT, 62) },
	{ new KeyValuePair<int, TokenType>(98, TokenType.FALSE), new ParseAction(ParseActionKind.SHIFT, 62) },
	{ new KeyValuePair<int, TokenType>(101, TokenType.FALSE), new ParseAction(ParseActionKind.SHIFT, 62) },
	{ new KeyValuePair<int, TokenType>(104, TokenType.FALSE), new ParseAction(ParseActionKind.SHIFT, 62) },
	{ new KeyValuePair<int, TokenType>(24, TokenType.TRUE), new ParseAction(ParseActionKind.SHIFT, 63) },
	{ new KeyValuePair<int, TokenType>(27, TokenType.TRUE), new ParseAction(ParseActionKind.SHIFT, 63) },
	{ new KeyValuePair<int, TokenType>(33, TokenType.TRUE), new ParseAction(ParseActionKind.SHIFT, 63) },
	{ new KeyValuePair<int, TokenType>(36, TokenType.TRUE), new ParseAction(ParseActionKind.SHIFT, 63) },
	{ new KeyValuePair<int, TokenType>(45, TokenType.TRUE), new ParseAction(ParseActionKind.SHIFT, 63) },
	{ new KeyValuePair<int, TokenType>(50, TokenType.TRUE), new ParseAction(ParseActionKind.SHIFT, 63) },
	{ new KeyValuePair<int, TokenType>(55, TokenType.TRUE), new ParseAction(ParseActionKind.SHIFT, 63) },
	{ new KeyValuePair<int, TokenType>(58, TokenType.TRUE), new ParseAction(ParseActionKind.SHIFT, 63) },
	{ new KeyValuePair<int, TokenType>(65, TokenType.TRUE), new ParseAction(ParseActionKind.SHIFT, 63) },
	{ new KeyValuePair<int, TokenType>(67, TokenType.TRUE), new ParseAction(ParseActionKind.SHIFT, 63) },
	{ new KeyValuePair<int, TokenType>(76, TokenType.TRUE), new ParseAction(ParseActionKind.SHIFT, 63) },
	{ new KeyValuePair<int, TokenType>(79, TokenType.TRUE), new ParseAction(ParseActionKind.SHIFT, 63) },
	{ new KeyValuePair<int, TokenType>(91, TokenType.TRUE), new ParseAction(ParseActionKind.SHIFT, 63) },
	{ new KeyValuePair<int, TokenType>(98, TokenType.TRUE), new ParseAction(ParseActionKind.SHIFT, 63) },
	{ new KeyValuePair<int, TokenType>(101, TokenType.TRUE), new ParseAction(ParseActionKind.SHIFT, 63) },
	{ new KeyValuePair<int, TokenType>(104, TokenType.TRUE), new ParseAction(ParseActionKind.SHIFT, 63) },
	{ new KeyValuePair<int, TokenType>(41, TokenType.DOT), new ParseAction(ParseActionKind.SHIFT, 42) },
	{ new KeyValuePair<int, TokenType>(75, TokenType.DOT), new ParseAction(ParseActionKind.SHIFT, 42) },
	{ new KeyValuePair<int, TokenType>(25, TokenType.PLUS), new ParseAction(ParseActionKind.SHIFT, 58) },
	{ new KeyValuePair<int, TokenType>(28, TokenType.PLUS), new ParseAction(ParseActionKind.REDUCE, 54) },
	{ new KeyValuePair<int, TokenType>(29, TokenType.PLUS), new ParseAction(ParseActionKind.REDUCE, 42) },
	{ new KeyValuePair<int, TokenType>(30, TokenType.PLUS), new ParseAction(ParseActionKind.REDUCE, 41) },
	{ new KeyValuePair<int, TokenType>(31, TokenType.PLUS), new ParseAction(ParseActionKind.REDUCE, 40) },
	{ new KeyValuePair<int, TokenType>(32, TokenType.PLUS), new ParseAction(ParseActionKind.REDUCE, 39) },
	{ new KeyValuePair<int, TokenType>(34, TokenType.PLUS), new ParseAction(ParseActionKind.REDUCE, 45) },
	{ new KeyValuePair<int, TokenType>(35, TokenType.PLUS), new ParseAction(ParseActionKind.REDUCE, 47) },
	{ new KeyValuePair<int, TokenType>(37, TokenType.PLUS), new ParseAction(ParseActionKind.REDUCE, 46) },
	{ new KeyValuePair<int, TokenType>(38, TokenType.PLUS), new ParseAction(ParseActionKind.REDUCE, 52) },
	{ new KeyValuePair<int, TokenType>(39, TokenType.PLUS), new ParseAction(ParseActionKind.REDUCE, 51) },
	{ new KeyValuePair<int, TokenType>(40, TokenType.PLUS), new ParseAction(ParseActionKind.REDUCE, 50) },
	{ new KeyValuePair<int, TokenType>(41, TokenType.PLUS), new ParseAction(ParseActionKind.REDUCE, 49) },
	{ new KeyValuePair<int, TokenType>(44, TokenType.PLUS), new ParseAction(ParseActionKind.REDUCE, 58) },
	{ new KeyValuePair<int, TokenType>(46, TokenType.PLUS), new ParseAction(ParseActionKind.REDUCE, 60) },
	{ new KeyValuePair<int, TokenType>(48, TokenType.PLUS), new ParseAction(ParseActionKind.REDUCE, 59) },
	{ new KeyValuePair<int, TokenType>(49, TokenType.PLUS), new ParseAction(ParseActionKind.SHIFT, 58) },
	{ new KeyValuePair<int, TokenType>(52, TokenType.PLUS), new ParseAction(ParseActionKind.REDUCE, 38) },
	{ new KeyValuePair<int, TokenType>(53, TokenType.PLUS), new ParseAction(ParseActionKind.REDUCE, 37) },
	{ new KeyValuePair<int, TokenType>(54, TokenType.PLUS), new ParseAction(ParseActionKind.REDUCE, 36) },
	{ new KeyValuePair<int, TokenType>(56, TokenType.PLUS), new ParseAction(ParseActionKind.SHIFT, 58) },
	{ new KeyValuePair<int, TokenType>(57, TokenType.PLUS), new ParseAction(ParseActionKind.REDUCE, 48) },
	{ new KeyValuePair<int, TokenType>(59, TokenType.PLUS), new ParseAction(ParseActionKind.REDUCE, 53) },
	{ new KeyValuePair<int, TokenType>(60, TokenType.PLUS), new ParseAction(ParseActionKind.REDUCE, 56) },
	{ new KeyValuePair<int, TokenType>(61, TokenType.PLUS), new ParseAction(ParseActionKind.REDUCE, 55) },
	{ new KeyValuePair<int, TokenType>(62, TokenType.PLUS), new ParseAction(ParseActionKind.REDUCE, 64) },
	{ new KeyValuePair<int, TokenType>(63, TokenType.PLUS), new ParseAction(ParseActionKind.REDUCE, 63) },
	{ new KeyValuePair<int, TokenType>(64, TokenType.PLUS), new ParseAction(ParseActionKind.REDUCE, 57) },
	{ new KeyValuePair<int, TokenType>(66, TokenType.PLUS), new ParseAction(ParseActionKind.REDUCE, 44) },
	{ new KeyValuePair<int, TokenType>(68, TokenType.PLUS), new ParseAction(ParseActionKind.REDUCE, 43) },
	{ new KeyValuePair<int, TokenType>(77, TokenType.PLUS), new ParseAction(ParseActionKind.SHIFT, 58) },
	{ new KeyValuePair<int, TokenType>(103, TokenType.PLUS), new ParseAction(ParseActionKind.SHIFT, 58) },
	{ new KeyValuePair<int, TokenType>(24, TokenType.INTEGER_VALUE), new ParseAction(ParseActionKind.SHIFT, 40) },
	{ new KeyValuePair<int, TokenType>(27, TokenType.INTEGER_VALUE), new ParseAction(ParseActionKind.SHIFT, 40) },
	{ new KeyValuePair<int, TokenType>(33, TokenType.INTEGER_VALUE), new ParseAction(ParseActionKind.SHIFT, 40) },
	{ new KeyValuePair<int, TokenType>(36, TokenType.INTEGER_VALUE), new ParseAction(ParseActionKind.SHIFT, 40) },
	{ new KeyValuePair<int, TokenType>(45, TokenType.INTEGER_VALUE), new ParseAction(ParseActionKind.SHIFT, 40) },
	{ new KeyValuePair<int, TokenType>(50, TokenType.INTEGER_VALUE), new ParseAction(ParseActionKind.SHIFT, 40) },
	{ new KeyValuePair<int, TokenType>(55, TokenType.INTEGER_VALUE), new ParseAction(ParseActionKind.SHIFT, 40) },
	{ new KeyValuePair<int, TokenType>(58, TokenType.INTEGER_VALUE), new ParseAction(ParseActionKind.SHIFT, 40) },
	{ new KeyValuePair<int, TokenType>(65, TokenType.INTEGER_VALUE), new ParseAction(ParseActionKind.SHIFT, 40) },
	{ new KeyValuePair<int, TokenType>(67, TokenType.INTEGER_VALUE), new ParseAction(ParseActionKind.SHIFT, 40) },
	{ new KeyValuePair<int, TokenType>(76, TokenType.INTEGER_VALUE), new ParseAction(ParseActionKind.SHIFT, 40) },
	{ new KeyValuePair<int, TokenType>(79, TokenType.INTEGER_VALUE), new ParseAction(ParseActionKind.SHIFT, 40) },
	{ new KeyValuePair<int, TokenType>(91, TokenType.INTEGER_VALUE), new ParseAction(ParseActionKind.SHIFT, 40) },
	{ new KeyValuePair<int, TokenType>(98, TokenType.INTEGER_VALUE), new ParseAction(ParseActionKind.SHIFT, 40) },
	{ new KeyValuePair<int, TokenType>(101, TokenType.INTEGER_VALUE), new ParseAction(ParseActionKind.SHIFT, 40) },
	{ new KeyValuePair<int, TokenType>(104, TokenType.INTEGER_VALUE), new ParseAction(ParseActionKind.SHIFT, 40) },
	{ new KeyValuePair<int, TokenType>(24, TokenType.MINUS), new ParseAction(ParseActionKind.SHIFT, 36) },
	{ new KeyValuePair<int, TokenType>(25, TokenType.MINUS), new ParseAction(ParseActionKind.SHIFT, 27) },
	{ new KeyValuePair<int, TokenType>(27, TokenType.MINUS), new ParseAction(ParseActionKind.SHIFT, 36) },
	{ new KeyValuePair<int, TokenType>(28, TokenType.MINUS), new ParseAction(ParseActionKind.REDUCE, 54) },
	{ new KeyValuePair<int, TokenType>(29, TokenType.MINUS), new ParseAction(ParseActionKind.REDUCE, 42) },
	{ new KeyValuePair<int, TokenType>(30, TokenType.MINUS), new ParseAction(ParseActionKind.REDUCE, 41) },
	{ new KeyValuePair<int, TokenType>(31, TokenType.MINUS), new ParseAction(ParseActionKind.REDUCE, 40) },
	{ new KeyValuePair<int, TokenType>(32, TokenType.MINUS), new ParseAction(ParseActionKind.REDUCE, 39) },
	{ new KeyValuePair<int, TokenType>(33, TokenType.MINUS), new ParseAction(ParseActionKind.SHIFT, 36) },
	{ new KeyValuePair<int, TokenType>(34, TokenType.MINUS), new ParseAction(ParseActionKind.REDUCE, 45) },
	{ new KeyValuePair<int, TokenType>(35, TokenType.MINUS), new ParseAction(ParseActionKind.REDUCE, 47) },
	{ new KeyValuePair<int, TokenType>(37, TokenType.MINUS), new ParseAction(ParseActionKind.REDUCE, 46) },
	{ new KeyValuePair<int, TokenType>(38, TokenType.MINUS), new ParseAction(ParseActionKind.REDUCE, 52) },
	{ new KeyValuePair<int, TokenType>(39, TokenType.MINUS), new ParseAction(ParseActionKind.REDUCE, 51) },
	{ new KeyValuePair<int, TokenType>(40, TokenType.MINUS), new ParseAction(ParseActionKind.REDUCE, 50) },
	{ new KeyValuePair<int, TokenType>(41, TokenType.MINUS), new ParseAction(ParseActionKind.REDUCE, 49) },
	{ new KeyValuePair<int, TokenType>(44, TokenType.MINUS), new ParseAction(ParseActionKind.REDUCE, 58) },
	{ new KeyValuePair<int, TokenType>(45, TokenType.MINUS), new ParseAction(ParseActionKind.SHIFT, 36) },
	{ new KeyValuePair<int, TokenType>(46, TokenType.MINUS), new ParseAction(ParseActionKind.REDUCE, 60) },
	{ new KeyValuePair<int, TokenType>(48, TokenType.MINUS), new ParseAction(ParseActionKind.REDUCE, 59) },
	{ new KeyValuePair<int, TokenType>(49, TokenType.MINUS), new ParseAction(ParseActionKind.SHIFT, 27) },
	{ new KeyValuePair<int, TokenType>(50, TokenType.MINUS), new ParseAction(ParseActionKind.SHIFT, 36) },
	{ new KeyValuePair<int, TokenType>(52, TokenType.MINUS), new ParseAction(ParseActionKind.REDUCE, 38) },
	{ new KeyValuePair<int, TokenType>(53, TokenType.MINUS), new ParseAction(ParseActionKind.REDUCE, 37) },
	{ new KeyValuePair<int, TokenType>(54, TokenType.MINUS), new ParseAction(ParseActionKind.REDUCE, 36) },
	{ new KeyValuePair<int, TokenType>(55, TokenType.MINUS), new ParseAction(ParseActionKind.SHIFT, 36) },
	{ new KeyValuePair<int, TokenType>(56, TokenType.MINUS), new ParseAction(ParseActionKind.SHIFT, 27) },
	{ new KeyValuePair<int, TokenType>(57, TokenType.MINUS), new ParseAction(ParseActionKind.REDUCE, 48) },
	{ new KeyValuePair<int, TokenType>(58, TokenType.MINUS), new ParseAction(ParseActionKind.SHIFT, 36) },
	{ new KeyValuePair<int, TokenType>(59, TokenType.MINUS), new ParseAction(ParseActionKind.REDUCE, 53) },
	{ new KeyValuePair<int, TokenType>(60, TokenType.MINUS), new ParseAction(ParseActionKind.REDUCE, 56) },
	{ new KeyValuePair<int, TokenType>(61, TokenType.MINUS), new ParseAction(ParseActionKind.REDUCE, 55) },
	{ new KeyValuePair<int, TokenType>(62, TokenType.MINUS), new ParseAction(ParseActionKind.REDUCE, 64) },
	{ new KeyValuePair<int, TokenType>(63, TokenType.MINUS), new ParseAction(ParseActionKind.REDUCE, 63) },
	{ new KeyValuePair<int, TokenType>(64, TokenType.MINUS), new ParseAction(ParseActionKind.REDUCE, 57) },
	{ new KeyValuePair<int, TokenType>(65, TokenType.MINUS), new ParseAction(ParseActionKind.SHIFT, 36) },
	{ new KeyValuePair<int, TokenType>(66, TokenType.MINUS), new ParseAction(ParseActionKind.REDUCE, 44) },
	{ new KeyValuePair<int, TokenType>(67, TokenType.MINUS), new ParseAction(ParseActionKind.SHIFT, 36) },
	{ new KeyValuePair<int, TokenType>(68, TokenType.MINUS), new ParseAction(ParseActionKind.REDUCE, 43) },
	{ new KeyValuePair<int, TokenType>(76, TokenType.MINUS), new ParseAction(ParseActionKind.SHIFT, 36) },
	{ new KeyValuePair<int, TokenType>(77, TokenType.MINUS), new ParseAction(ParseActionKind.SHIFT, 27) },
	{ new KeyValuePair<int, TokenType>(79, TokenType.MINUS), new ParseAction(ParseActionKind.SHIFT, 36) },
	{ new KeyValuePair<int, TokenType>(91, TokenType.MINUS), new ParseAction(ParseActionKind.SHIFT, 36) },
	{ new KeyValuePair<int, TokenType>(98, TokenType.MINUS), new ParseAction(ParseActionKind.SHIFT, 36) },
	{ new KeyValuePair<int, TokenType>(101, TokenType.MINUS), new ParseAction(ParseActionKind.SHIFT, 36) },
	{ new KeyValuePair<int, TokenType>(103, TokenType.MINUS), new ParseAction(ParseActionKind.SHIFT, 27) },
	{ new KeyValuePair<int, TokenType>(104, TokenType.MINUS), new ParseAction(ParseActionKind.SHIFT, 36) },
	{ new KeyValuePair<int, TokenType>(32, TokenType.MOD), new ParseAction(ParseActionKind.SHIFT, 33) },
	{ new KeyValuePair<int, TokenType>(35, TokenType.MOD), new ParseAction(ParseActionKind.REDUCE, 47) },
	{ new KeyValuePair<int, TokenType>(37, TokenType.MOD), new ParseAction(ParseActionKind.REDUCE, 46) },
	{ new KeyValuePair<int, TokenType>(38, TokenType.MOD), new ParseAction(ParseActionKind.REDUCE, 52) },
	{ new KeyValuePair<int, TokenType>(39, TokenType.MOD), new ParseAction(ParseActionKind.REDUCE, 51) },
	{ new KeyValuePair<int, TokenType>(40, TokenType.MOD), new ParseAction(ParseActionKind.REDUCE, 50) },
	{ new KeyValuePair<int, TokenType>(41, TokenType.MOD), new ParseAction(ParseActionKind.REDUCE, 49) },
	{ new KeyValuePair<int, TokenType>(44, TokenType.MOD), new ParseAction(ParseActionKind.REDUCE, 58) },
	{ new KeyValuePair<int, TokenType>(46, TokenType.MOD), new ParseAction(ParseActionKind.REDUCE, 60) },
	{ new KeyValuePair<int, TokenType>(48, TokenType.MOD), new ParseAction(ParseActionKind.REDUCE, 59) },
	{ new KeyValuePair<int, TokenType>(57, TokenType.MOD), new ParseAction(ParseActionKind.REDUCE, 48) },
	{ new KeyValuePair<int, TokenType>(60, TokenType.MOD), new ParseAction(ParseActionKind.REDUCE, 56) },
	{ new KeyValuePair<int, TokenType>(61, TokenType.MOD), new ParseAction(ParseActionKind.REDUCE, 55) },
	{ new KeyValuePair<int, TokenType>(62, TokenType.MOD), new ParseAction(ParseActionKind.REDUCE, 64) },
	{ new KeyValuePair<int, TokenType>(63, TokenType.MOD), new ParseAction(ParseActionKind.REDUCE, 63) },
	{ new KeyValuePair<int, TokenType>(64, TokenType.MOD), new ParseAction(ParseActionKind.REDUCE, 57) },
	{ new KeyValuePair<int, TokenType>(32, TokenType.DIV), new ParseAction(ParseActionKind.SHIFT, 65) },
	{ new KeyValuePair<int, TokenType>(35, TokenType.DIV), new ParseAction(ParseActionKind.REDUCE, 47) },
	{ new KeyValuePair<int, TokenType>(37, TokenType.DIV), new ParseAction(ParseActionKind.REDUCE, 46) },
	{ new KeyValuePair<int, TokenType>(38, TokenType.DIV), new ParseAction(ParseActionKind.REDUCE, 52) },
	{ new KeyValuePair<int, TokenType>(39, TokenType.DIV), new ParseAction(ParseActionKind.REDUCE, 51) },
	{ new KeyValuePair<int, TokenType>(40, TokenType.DIV), new ParseAction(ParseActionKind.REDUCE, 50) },
	{ new KeyValuePair<int, TokenType>(41, TokenType.DIV), new ParseAction(ParseActionKind.REDUCE, 49) },
	{ new KeyValuePair<int, TokenType>(44, TokenType.DIV), new ParseAction(ParseActionKind.REDUCE, 58) },
	{ new KeyValuePair<int, TokenType>(46, TokenType.DIV), new ParseAction(ParseActionKind.REDUCE, 60) },
	{ new KeyValuePair<int, TokenType>(48, TokenType.DIV), new ParseAction(ParseActionKind.REDUCE, 59) },
	{ new KeyValuePair<int, TokenType>(57, TokenType.DIV), new ParseAction(ParseActionKind.REDUCE, 48) },
	{ new KeyValuePair<int, TokenType>(60, TokenType.DIV), new ParseAction(ParseActionKind.REDUCE, 56) },
	{ new KeyValuePair<int, TokenType>(61, TokenType.DIV), new ParseAction(ParseActionKind.REDUCE, 55) },
	{ new KeyValuePair<int, TokenType>(62, TokenType.DIV), new ParseAction(ParseActionKind.REDUCE, 64) },
	{ new KeyValuePair<int, TokenType>(63, TokenType.DIV), new ParseAction(ParseActionKind.REDUCE, 63) },
	{ new KeyValuePair<int, TokenType>(64, TokenType.DIV), new ParseAction(ParseActionKind.REDUCE, 57) },
	{ new KeyValuePair<int, TokenType>(32, TokenType.MULTIPLICATION), new ParseAction(ParseActionKind.SHIFT, 67) },
	{ new KeyValuePair<int, TokenType>(35, TokenType.MULTIPLICATION), new ParseAction(ParseActionKind.REDUCE, 47) },
	{ new KeyValuePair<int, TokenType>(37, TokenType.MULTIPLICATION), new ParseAction(ParseActionKind.REDUCE, 46) },
	{ new KeyValuePair<int, TokenType>(38, TokenType.MULTIPLICATION), new ParseAction(ParseActionKind.REDUCE, 52) },
	{ new KeyValuePair<int, TokenType>(39, TokenType.MULTIPLICATION), new ParseAction(ParseActionKind.REDUCE, 51) },
	{ new KeyValuePair<int, TokenType>(40, TokenType.MULTIPLICATION), new ParseAction(ParseActionKind.REDUCE, 50) },
	{ new KeyValuePair<int, TokenType>(41, TokenType.MULTIPLICATION), new ParseAction(ParseActionKind.REDUCE, 49) },
	{ new KeyValuePair<int, TokenType>(44, TokenType.MULTIPLICATION), new ParseAction(ParseActionKind.REDUCE, 58) },
	{ new KeyValuePair<int, TokenType>(46, TokenType.MULTIPLICATION), new ParseAction(ParseActionKind.REDUCE, 60) },
	{ new KeyValuePair<int, TokenType>(48, TokenType.MULTIPLICATION), new ParseAction(ParseActionKind.REDUCE, 59) },
	{ new KeyValuePair<int, TokenType>(57, TokenType.MULTIPLICATION), new ParseAction(ParseActionKind.REDUCE, 48) },
	{ new KeyValuePair<int, TokenType>(60, TokenType.MULTIPLICATION), new ParseAction(ParseActionKind.REDUCE, 56) },
	{ new KeyValuePair<int, TokenType>(61, TokenType.MULTIPLICATION), new ParseAction(ParseActionKind.REDUCE, 55) },
	{ new KeyValuePair<int, TokenType>(62, TokenType.MULTIPLICATION), new ParseAction(ParseActionKind.REDUCE, 64) },
	{ new KeyValuePair<int, TokenType>(63, TokenType.MULTIPLICATION), new ParseAction(ParseActionKind.REDUCE, 63) },
	{ new KeyValuePair<int, TokenType>(64, TokenType.MULTIPLICATION), new ParseAction(ParseActionKind.REDUCE, 57) },
	{ new KeyValuePair<int, TokenType>(15, TokenType.WHILE), new ParseAction(ParseActionKind.SHIFT, 78) },
	{ new KeyValuePair<int, TokenType>(21, TokenType.WHILE), new ParseAction(ParseActionKind.SHIFT, 78) },
	{ new KeyValuePair<int, TokenType>(26, TokenType.WHILE), new ParseAction(ParseActionKind.REDUCE, 30) },
	{ new KeyValuePair<int, TokenType>(70, TokenType.WHILE), new ParseAction(ParseActionKind.REDUCE, 29) },
	{ new KeyValuePair<int, TokenType>(71, TokenType.WHILE), new ParseAction(ParseActionKind.REDUCE, 28) },
	{ new KeyValuePair<int, TokenType>(72, TokenType.WHILE), new ParseAction(ParseActionKind.REDUCE, 27) },
	{ new KeyValuePair<int, TokenType>(74, TokenType.WHILE), new ParseAction(ParseActionKind.REDUCE, 26) },
	{ new KeyValuePair<int, TokenType>(82, TokenType.WHILE), new ParseAction(ParseActionKind.SHIFT, 78) },
	{ new KeyValuePair<int, TokenType>(84, TokenType.WHILE), new ParseAction(ParseActionKind.REDUCE, 35) },
	{ new KeyValuePair<int, TokenType>(85, TokenType.WHILE), new ParseAction(ParseActionKind.REDUCE, 32) },
	{ new KeyValuePair<int, TokenType>(87, TokenType.WHILE), new ParseAction(ParseActionKind.SHIFT, 78) },
	{ new KeyValuePair<int, TokenType>(89, TokenType.WHILE), new ParseAction(ParseActionKind.REDUCE, 33) },
	{ new KeyValuePair<int, TokenType>(94, TokenType.WHILE), new ParseAction(ParseActionKind.SHIFT, 78) },
	{ new KeyValuePair<int, TokenType>(96, TokenType.WHILE), new ParseAction(ParseActionKind.REDUCE, 34) },
	{ new KeyValuePair<int, TokenType>(15, TokenType.IF), new ParseAction(ParseActionKind.SHIFT, 90) },
	{ new KeyValuePair<int, TokenType>(21, TokenType.IF), new ParseAction(ParseActionKind.SHIFT, 90) },
	{ new KeyValuePair<int, TokenType>(26, TokenType.IF), new ParseAction(ParseActionKind.REDUCE, 30) },
	{ new KeyValuePair<int, TokenType>(70, TokenType.IF), new ParseAction(ParseActionKind.REDUCE, 29) },
	{ new KeyValuePair<int, TokenType>(71, TokenType.IF), new ParseAction(ParseActionKind.REDUCE, 28) },
	{ new KeyValuePair<int, TokenType>(72, TokenType.IF), new ParseAction(ParseActionKind.REDUCE, 27) },
	{ new KeyValuePair<int, TokenType>(74, TokenType.IF), new ParseAction(ParseActionKind.REDUCE, 26) },
	{ new KeyValuePair<int, TokenType>(82, TokenType.IF), new ParseAction(ParseActionKind.SHIFT, 90) },
	{ new KeyValuePair<int, TokenType>(84, TokenType.IF), new ParseAction(ParseActionKind.REDUCE, 35) },
	{ new KeyValuePair<int, TokenType>(85, TokenType.IF), new ParseAction(ParseActionKind.REDUCE, 32) },
	{ new KeyValuePair<int, TokenType>(87, TokenType.IF), new ParseAction(ParseActionKind.SHIFT, 90) },
	{ new KeyValuePair<int, TokenType>(89, TokenType.IF), new ParseAction(ParseActionKind.REDUCE, 33) },
	{ new KeyValuePair<int, TokenType>(94, TokenType.IF), new ParseAction(ParseActionKind.SHIFT, 90) },
	{ new KeyValuePair<int, TokenType>(96, TokenType.IF), new ParseAction(ParseActionKind.REDUCE, 34) },
	{ new KeyValuePair<int, TokenType>(85, TokenType.ELSE), new ParseAction(ParseActionKind.SHIFT, 86) },
	{ new KeyValuePair<int, TokenType>(96, TokenType.ELSE), new ParseAction(ParseActionKind.REDUCE, 34) },
	{ new KeyValuePair<int, TokenType>(75, TokenType.ASSIGNMENT), new ParseAction(ParseActionKind.SHIFT, 76) },
	{ new KeyValuePair<int, TokenType>(15, TokenType.RETURN), new ParseAction(ParseActionKind.SHIFT, 24) },
	{ new KeyValuePair<int, TokenType>(21, TokenType.RETURN), new ParseAction(ParseActionKind.SHIFT, 24) },
	{ new KeyValuePair<int, TokenType>(26, TokenType.RETURN), new ParseAction(ParseActionKind.REDUCE, 30) },
	{ new KeyValuePair<int, TokenType>(70, TokenType.RETURN), new ParseAction(ParseActionKind.REDUCE, 29) },
	{ new KeyValuePair<int, TokenType>(71, TokenType.RETURN), new ParseAction(ParseActionKind.REDUCE, 28) },
	{ new KeyValuePair<int, TokenType>(72, TokenType.RETURN), new ParseAction(ParseActionKind.REDUCE, 27) },
	{ new KeyValuePair<int, TokenType>(74, TokenType.RETURN), new ParseAction(ParseActionKind.REDUCE, 26) },
	{ new KeyValuePair<int, TokenType>(82, TokenType.RETURN), new ParseAction(ParseActionKind.SHIFT, 24) },
	{ new KeyValuePair<int, TokenType>(84, TokenType.RETURN), new ParseAction(ParseActionKind.REDUCE, 35) },
	{ new KeyValuePair<int, TokenType>(85, TokenType.RETURN), new ParseAction(ParseActionKind.REDUCE, 32) },
	{ new KeyValuePair<int, TokenType>(87, TokenType.RETURN), new ParseAction(ParseActionKind.SHIFT, 24) },
	{ new KeyValuePair<int, TokenType>(89, TokenType.RETURN), new ParseAction(ParseActionKind.REDUCE, 33) },
	{ new KeyValuePair<int, TokenType>(94, TokenType.RETURN), new ParseAction(ParseActionKind.SHIFT, 24) },
	{ new KeyValuePair<int, TokenType>(96, TokenType.RETURN), new ParseAction(ParseActionKind.REDUCE, 34) },
	{ new KeyValuePair<int, TokenType>(15, TokenType.PASS), new ParseAction(ParseActionKind.SHIFT, 18) },
	{ new KeyValuePair<int, TokenType>(82, TokenType.PASS), new ParseAction(ParseActionKind.SHIFT, 18) },
	{ new KeyValuePair<int, TokenType>(87, TokenType.PASS), new ParseAction(ParseActionKind.SHIFT, 18) },
	{ new KeyValuePair<int, TokenType>(94, TokenType.PASS), new ParseAction(ParseActionKind.SHIFT, 18) },
	{ new KeyValuePair<int, TokenType>(28, TokenType.COMMA), new ParseAction(ParseActionKind.REDUCE, 54) },
	{ new KeyValuePair<int, TokenType>(29, TokenType.COMMA), new ParseAction(ParseActionKind.REDUCE, 42) },
	{ new KeyValuePair<int, TokenType>(30, TokenType.COMMA), new ParseAction(ParseActionKind.REDUCE, 41) },
	{ new KeyValuePair<int, TokenType>(31, TokenType.COMMA), new ParseAction(ParseActionKind.REDUCE, 40) },
	{ new KeyValuePair<int, TokenType>(32, TokenType.COMMA), new ParseAction(ParseActionKind.REDUCE, 39) },
	{ new KeyValuePair<int, TokenType>(34, TokenType.COMMA), new ParseAction(ParseActionKind.REDUCE, 45) },
	{ new KeyValuePair<int, TokenType>(35, TokenType.COMMA), new ParseAction(ParseActionKind.REDUCE, 47) },
	{ new KeyValuePair<int, TokenType>(37, TokenType.COMMA), new ParseAction(ParseActionKind.REDUCE, 46) },
	{ new KeyValuePair<int, TokenType>(38, TokenType.COMMA), new ParseAction(ParseActionKind.REDUCE, 52) },
	{ new KeyValuePair<int, TokenType>(39, TokenType.COMMA), new ParseAction(ParseActionKind.REDUCE, 51) },
	{ new KeyValuePair<int, TokenType>(40, TokenType.COMMA), new ParseAction(ParseActionKind.REDUCE, 50) },
	{ new KeyValuePair<int, TokenType>(41, TokenType.COMMA), new ParseAction(ParseActionKind.REDUCE, 49) },
	{ new KeyValuePair<int, TokenType>(44, TokenType.COMMA), new ParseAction(ParseActionKind.REDUCE, 58) },
	{ new KeyValuePair<int, TokenType>(46, TokenType.COMMA), new ParseAction(ParseActionKind.REDUCE, 60) },
	{ new KeyValuePair<int, TokenType>(48, TokenType.COMMA), new ParseAction(ParseActionKind.REDUCE, 59) },
	{ new KeyValuePair<int, TokenType>(49, TokenType.COMMA), new ParseAction(ParseActionKind.SHIFT, 50) },
	{ new KeyValuePair<int, TokenType>(52, TokenType.COMMA), new ParseAction(ParseActionKind.REDUCE, 38) },
	{ new KeyValuePair<int, TokenType>(53, TokenType.COMMA), new ParseAction(ParseActionKind.REDUCE, 37) },
	{ new KeyValuePair<int, TokenType>(54, TokenType.COMMA), new ParseAction(ParseActionKind.REDUCE, 36) },
	{ new KeyValuePair<int, TokenType>(57, TokenType.COMMA), new ParseAction(ParseActionKind.REDUCE, 48) },
	{ new KeyValuePair<int, TokenType>(59, TokenType.COMMA), new ParseAction(ParseActionKind.REDUCE, 53) },
	{ new KeyValuePair<int, TokenType>(60, TokenType.COMMA), new ParseAction(ParseActionKind.REDUCE, 56) },
	{ new KeyValuePair<int, TokenType>(61, TokenType.COMMA), new ParseAction(ParseActionKind.REDUCE, 55) },
	{ new KeyValuePair<int, TokenType>(62, TokenType.COMMA), new ParseAction(ParseActionKind.REDUCE, 64) },
	{ new KeyValuePair<int, TokenType>(63, TokenType.COMMA), new ParseAction(ParseActionKind.REDUCE, 63) },
	{ new KeyValuePair<int, TokenType>(64, TokenType.COMMA), new ParseAction(ParseActionKind.REDUCE, 57) },
	{ new KeyValuePair<int, TokenType>(66, TokenType.COMMA), new ParseAction(ParseActionKind.REDUCE, 44) },
	{ new KeyValuePair<int, TokenType>(68, TokenType.COMMA), new ParseAction(ParseActionKind.REDUCE, 43) },
	{ new KeyValuePair<int, TokenType>(116, TokenType.COMMA), new ParseAction(ParseActionKind.SHIFT, 117) },
	{ new KeyValuePair<int, TokenType>(120, TokenType.COMMA), new ParseAction(ParseActionKind.REDUCE, 20) },
	{ new KeyValuePair<int, TokenType>(28, TokenType.RIGHT_PAREN), new ParseAction(ParseActionKind.REDUCE, 54) },
	{ new KeyValuePair<int, TokenType>(29, TokenType.RIGHT_PAREN), new ParseAction(ParseActionKind.REDUCE, 42) },
	{ new KeyValuePair<int, TokenType>(30, TokenType.RIGHT_PAREN), new ParseAction(ParseActionKind.REDUCE, 41) },
	{ new KeyValuePair<int, TokenType>(31, TokenType.RIGHT_PAREN), new ParseAction(ParseActionKind.REDUCE, 40) },
	{ new KeyValuePair<int, TokenType>(32, TokenType.RIGHT_PAREN), new ParseAction(ParseActionKind.REDUCE, 39) },
	{ new KeyValuePair<int, TokenType>(34, TokenType.RIGHT_PAREN), new ParseAction(ParseActionKind.REDUCE, 45) },
	{ new KeyValuePair<int, TokenType>(35, TokenType.RIGHT_PAREN), new ParseAction(ParseActionKind.REDUCE, 47) },
	{ new KeyValuePair<int, TokenType>(37, TokenType.RIGHT_PAREN), new ParseAction(ParseActionKind.REDUCE, 46) },
	{ new KeyValuePair<int, TokenType>(38, TokenType.RIGHT_PAREN), new ParseAction(ParseActionKind.REDUCE, 52) },
	{ new KeyValuePair<int, TokenType>(39, TokenType.RIGHT_PAREN), new ParseAction(ParseActionKind.REDUCE, 51) },
	{ new KeyValuePair<int, TokenType>(40, TokenType.RIGHT_PAREN), new ParseAction(ParseActionKind.REDUCE, 50) },
	{ new KeyValuePair<int, TokenType>(41, TokenType.RIGHT_PAREN), new ParseAction(ParseActionKind.REDUCE, 49) },
	{ new KeyValuePair<int, TokenType>(44, TokenType.RIGHT_PAREN), new ParseAction(ParseActionKind.REDUCE, 58) },
	{ new KeyValuePair<int, TokenType>(45, TokenType.RIGHT_PAREN), new ParseAction(ParseActionKind.SHIFT, 46) },
	{ new KeyValuePair<int, TokenType>(46, TokenType.RIGHT_PAREN), new ParseAction(ParseActionKind.REDUCE, 60) },
	{ new KeyValuePair<int, TokenType>(47, TokenType.RIGHT_PAREN), new ParseAction(ParseActionKind.SHIFT, 48) },
	{ new KeyValuePair<int, TokenType>(48, TokenType.RIGHT_PAREN), new ParseAction(ParseActionKind.REDUCE, 59) },
	{ new KeyValuePair<int, TokenType>(49, TokenType.RIGHT_PAREN), new ParseAction(ParseActionKind.REDUCE, 61) },
	{ new KeyValuePair<int, TokenType>(51, TokenType.RIGHT_PAREN), new ParseAction(ParseActionKind.REDUCE, 62) },
	{ new KeyValuePair<int, TokenType>(52, TokenType.RIGHT_PAREN), new ParseAction(ParseActionKind.REDUCE, 38) },
	{ new KeyValuePair<int, TokenType>(53, TokenType.RIGHT_PAREN), new ParseAction(ParseActionKind.REDUCE, 37) },
	{ new KeyValuePair<int, TokenType>(54, TokenType.RIGHT_PAREN), new ParseAction(ParseActionKind.REDUCE, 36) },
	{ new KeyValuePair<int, TokenType>(56, TokenType.RIGHT_PAREN), new ParseAction(ParseActionKind.SHIFT, 57) },
	{ new KeyValuePair<int, TokenType>(57, TokenType.RIGHT_PAREN), new ParseAction(ParseActionKind.REDUCE, 48) },
	{ new KeyValuePair<int, TokenType>(59, TokenType.RIGHT_PAREN), new ParseAction(ParseActionKind.REDUCE, 53) },
	{ new KeyValuePair<int, TokenType>(60, TokenType.RIGHT_PAREN), new ParseAction(ParseActionKind.REDUCE, 56) },
	{ new KeyValuePair<int, TokenType>(61, TokenType.RIGHT_PAREN), new ParseAction(ParseActionKind.REDUCE, 55) },
	{ new KeyValuePair<int, TokenType>(62, TokenType.RIGHT_PAREN), new ParseAction(ParseActionKind.REDUCE, 64) },
	{ new KeyValuePair<int, TokenType>(63, TokenType.RIGHT_PAREN), new ParseAction(ParseActionKind.REDUCE, 63) },
	{ new KeyValuePair<int, TokenType>(64, TokenType.RIGHT_PAREN), new ParseAction(ParseActionKind.REDUCE, 57) },
	{ new KeyValuePair<int, TokenType>(66, TokenType.RIGHT_PAREN), new ParseAction(ParseActionKind.REDUCE, 44) },
	{ new KeyValuePair<int, TokenType>(68, TokenType.RIGHT_PAREN), new ParseAction(ParseActionKind.REDUCE, 43) },
	{ new KeyValuePair<int, TokenType>(80, TokenType.RIGHT_PAREN), new ParseAction(ParseActionKind.SHIFT, 81) },
	{ new KeyValuePair<int, TokenType>(92, TokenType.RIGHT_PAREN), new ParseAction(ParseActionKind.SHIFT, 93) },
	{ new KeyValuePair<int, TokenType>(97, TokenType.RIGHT_PAREN), new ParseAction(ParseActionKind.REDUCE, 65) },
	{ new KeyValuePair<int, TokenType>(99, TokenType.RIGHT_PAREN), new ParseAction(ParseActionKind.REDUCE, 66) },
	{ new KeyValuePair<int, TokenType>(100, TokenType.RIGHT_PAREN), new ParseAction(ParseActionKind.REDUCE, 67) },
	{ new KeyValuePair<int, TokenType>(102, TokenType.RIGHT_PAREN), new ParseAction(ParseActionKind.REDUCE, 68) },
	{ new KeyValuePair<int, TokenType>(103, TokenType.RIGHT_PAREN), new ParseAction(ParseActionKind.REDUCE, 70) },
	{ new KeyValuePair<int, TokenType>(105, TokenType.RIGHT_PAREN), new ParseAction(ParseActionKind.REDUCE, 69) },
	{ new KeyValuePair<int, TokenType>(112, TokenType.RIGHT_PAREN), new ParseAction(ParseActionKind.SHIFT, 113) },
	{ new KeyValuePair<int, TokenType>(114, TokenType.RIGHT_PAREN), new ParseAction(ParseActionKind.SHIFT, 115) },
	{ new KeyValuePair<int, TokenType>(116, TokenType.RIGHT_PAREN), new ParseAction(ParseActionKind.REDUCE, 18) },
	{ new KeyValuePair<int, TokenType>(118, TokenType.RIGHT_PAREN), new ParseAction(ParseActionKind.REDUCE, 19) },
	{ new KeyValuePair<int, TokenType>(120, TokenType.RIGHT_PAREN), new ParseAction(ParseActionKind.REDUCE, 20) },
	{ new KeyValuePair<int, TokenType>(24, TokenType.LEFT_PAREN), new ParseAction(ParseActionKind.SHIFT, 55) },
	{ new KeyValuePair<int, TokenType>(27, TokenType.LEFT_PAREN), new ParseAction(ParseActionKind.SHIFT, 55) },
	{ new KeyValuePair<int, TokenType>(33, TokenType.LEFT_PAREN), new ParseAction(ParseActionKind.SHIFT, 55) },
	{ new KeyValuePair<int, TokenType>(36, TokenType.LEFT_PAREN), new ParseAction(ParseActionKind.SHIFT, 55) },
	{ new KeyValuePair<int, TokenType>(41, TokenType.LEFT_PAREN), new ParseAction(ParseActionKind.SHIFT, 45) },
	{ new KeyValuePair<int, TokenType>(43, TokenType.LEFT_PAREN), new ParseAction(ParseActionKind.SHIFT, 45) },
	{ new KeyValuePair<int, TokenType>(45, TokenType.LEFT_PAREN), new ParseAction(ParseActionKind.SHIFT, 55) },
	{ new KeyValuePair<int, TokenType>(50, TokenType.LEFT_PAREN), new ParseAction(ParseActionKind.SHIFT, 55) },
	{ new KeyValuePair<int, TokenType>(55, TokenType.LEFT_PAREN), new ParseAction(ParseActionKind.SHIFT, 55) },
	{ new KeyValuePair<int, TokenType>(58, TokenType.LEFT_PAREN), new ParseAction(ParseActionKind.SHIFT, 55) },
	{ new KeyValuePair<int, TokenType>(65, TokenType.LEFT_PAREN), new ParseAction(ParseActionKind.SHIFT, 55) },
	{ new KeyValuePair<int, TokenType>(67, TokenType.LEFT_PAREN), new ParseAction(ParseActionKind.SHIFT, 55) },
	{ new KeyValuePair<int, TokenType>(75, TokenType.LEFT_PAREN), new ParseAction(ParseActionKind.SHIFT, 45) },
	{ new KeyValuePair<int, TokenType>(76, TokenType.LEFT_PAREN), new ParseAction(ParseActionKind.SHIFT, 55) },
	{ new KeyValuePair<int, TokenType>(78, TokenType.LEFT_PAREN), new ParseAction(ParseActionKind.SHIFT, 79) },
	{ new KeyValuePair<int, TokenType>(79, TokenType.LEFT_PAREN), new ParseAction(ParseActionKind.SHIFT, 55) },
	{ new KeyValuePair<int, TokenType>(90, TokenType.LEFT_PAREN), new ParseAction(ParseActionKind.SHIFT, 91) },
	{ new KeyValuePair<int, TokenType>(91, TokenType.LEFT_PAREN), new ParseAction(ParseActionKind.SHIFT, 55) },
	{ new KeyValuePair<int, TokenType>(98, TokenType.LEFT_PAREN), new ParseAction(ParseActionKind.SHIFT, 55) },
	{ new KeyValuePair<int, TokenType>(101, TokenType.LEFT_PAREN), new ParseAction(ParseActionKind.SHIFT, 55) },
	{ new KeyValuePair<int, TokenType>(104, TokenType.LEFT_PAREN), new ParseAction(ParseActionKind.SHIFT, 55) },
	{ new KeyValuePair<int, TokenType>(109, TokenType.LEFT_PAREN), new ParseAction(ParseActionKind.SHIFT, 112) },
	{ new KeyValuePair<int, TokenType>(106, TokenType.INT), new ParseAction(ParseActionKind.REDUCE, 11) },
	{ new KeyValuePair<int, TokenType>(107, TokenType.INT), new ParseAction(ParseActionKind.SHIFT, 121) },
	{ new KeyValuePair<int, TokenType>(112, TokenType.INT), new ParseAction(ParseActionKind.SHIFT, 121) },
	{ new KeyValuePair<int, TokenType>(117, TokenType.INT), new ParseAction(ParseActionKind.SHIFT, 121) },
	{ new KeyValuePair<int, TokenType>(123, TokenType.INT), new ParseAction(ParseActionKind.REDUCE, 10) },
	{ new KeyValuePair<int, TokenType>(124, TokenType.INT), new ParseAction(ParseActionKind.REDUCE, 9) },
	{ new KeyValuePair<int, TokenType>(125, TokenType.INT), new ParseAction(ParseActionKind.REDUCE, 8) },
	{ new KeyValuePair<int, TokenType>(106, TokenType.BOOL), new ParseAction(ParseActionKind.REDUCE, 11) },
	{ new KeyValuePair<int, TokenType>(107, TokenType.BOOL), new ParseAction(ParseActionKind.SHIFT, 122) },
	{ new KeyValuePair<int, TokenType>(112, TokenType.BOOL), new ParseAction(ParseActionKind.SHIFT, 122) },
	{ new KeyValuePair<int, TokenType>(117, TokenType.BOOL), new ParseAction(ParseActionKind.SHIFT, 122) },
	{ new KeyValuePair<int, TokenType>(123, TokenType.BOOL), new ParseAction(ParseActionKind.REDUCE, 10) },
	{ new KeyValuePair<int, TokenType>(124, TokenType.BOOL), new ParseAction(ParseActionKind.REDUCE, 9) },
	{ new KeyValuePair<int, TokenType>(125, TokenType.BOOL), new ParseAction(ParseActionKind.REDUCE, 8) },
	{ new KeyValuePair<int, TokenType>(106, TokenType.STATIC), new ParseAction(ParseActionKind.SHIFT, 123) },
	{ new KeyValuePair<int, TokenType>(124, TokenType.STATIC), new ParseAction(ParseActionKind.REDUCE, 9) },
	{ new KeyValuePair<int, TokenType>(125, TokenType.STATIC), new ParseAction(ParseActionKind.REDUCE, 8) },
	{ new KeyValuePair<int, TokenType>(7, TokenType.PRIVATE), new ParseAction(ParseActionKind.SHIFT, 124) },
	{ new KeyValuePair<int, TokenType>(10, TokenType.PRIVATE), new ParseAction(ParseActionKind.SHIFT, 124) },
	{ new KeyValuePair<int, TokenType>(12, TokenType.PRIVATE), new ParseAction(ParseActionKind.SHIFT, 124) },
	{ new KeyValuePair<int, TokenType>(17, TokenType.PRIVATE), new ParseAction(ParseActionKind.REDUCE, 14) },
	{ new KeyValuePair<int, TokenType>(110, TokenType.PRIVATE), new ParseAction(ParseActionKind.REDUCE, 7) },
	{ new KeyValuePair<int, TokenType>(7, TokenType.PUBLIC), new ParseAction(ParseActionKind.SHIFT, 125) },
	{ new KeyValuePair<int, TokenType>(10, TokenType.PUBLIC), new ParseAction(ParseActionKind.SHIFT, 125) },
	{ new KeyValuePair<int, TokenType>(12, TokenType.PUBLIC), new ParseAction(ParseActionKind.SHIFT, 125) },
	{ new KeyValuePair<int, TokenType>(17, TokenType.PUBLIC), new ParseAction(ParseActionKind.REDUCE, 14) },
	{ new KeyValuePair<int, TokenType>(110, TokenType.PUBLIC), new ParseAction(ParseActionKind.REDUCE, 7) },
	{ new KeyValuePair<int, TokenType>(18, TokenType.LINE_END), new ParseAction(ParseActionKind.SHIFT, 19) },
	{ new KeyValuePair<int, TokenType>(25, TokenType.LINE_END), new ParseAction(ParseActionKind.SHIFT, 26) },
	{ new KeyValuePair<int, TokenType>(28, TokenType.LINE_END), new ParseAction(ParseActionKind.REDUCE, 54) },
	{ new KeyValuePair<int, TokenType>(29, TokenType.LINE_END), new ParseAction(ParseActionKind.REDUCE, 42) },
	{ new KeyValuePair<int, TokenType>(30, TokenType.LINE_END), new ParseAction(ParseActionKind.REDUCE, 41) },
	{ new KeyValuePair<int, TokenType>(31, TokenType.LINE_END), new ParseAction(ParseActionKind.REDUCE, 40) },
	{ new KeyValuePair<int, TokenType>(32, TokenType.LINE_END), new ParseAction(ParseActionKind.REDUCE, 39) },
	{ new KeyValuePair<int, TokenType>(34, TokenType.LINE_END), new ParseAction(ParseActionKind.REDUCE, 45) },
	{ new KeyValuePair<int, TokenType>(35, TokenType.LINE_END), new ParseAction(ParseActionKind.REDUCE, 47) },
	{ new KeyValuePair<int, TokenType>(37, TokenType.LINE_END), new ParseAction(ParseActionKind.REDUCE, 46) },
	{ new KeyValuePair<int, TokenType>(38, TokenType.LINE_END), new ParseAction(ParseActionKind.REDUCE, 52) },
	{ new KeyValuePair<int, TokenType>(39, TokenType.LINE_END), new ParseAction(ParseActionKind.REDUCE, 51) },
	{ new KeyValuePair<int, TokenType>(40, TokenType.LINE_END), new ParseAction(ParseActionKind.REDUCE, 50) },
	{ new KeyValuePair<int, TokenType>(41, TokenType.LINE_END), new ParseAction(ParseActionKind.REDUCE, 49) },
	{ new KeyValuePair<int, TokenType>(44, TokenType.LINE_END), new ParseAction(ParseActionKind.REDUCE, 58) },
	{ new KeyValuePair<int, TokenType>(46, TokenType.LINE_END), new ParseAction(ParseActionKind.REDUCE, 60) },
	{ new KeyValuePair<int, TokenType>(48, TokenType.LINE_END), new ParseAction(ParseActionKind.REDUCE, 59) },
	{ new KeyValuePair<int, TokenType>(52, TokenType.LINE_END), new ParseAction(ParseActionKind.REDUCE, 38) },
	{ new KeyValuePair<int, TokenType>(53, TokenType.LINE_END), new ParseAction(ParseActionKind.REDUCE, 37) },
	{ new KeyValuePair<int, TokenType>(54, TokenType.LINE_END), new ParseAction(ParseActionKind.REDUCE, 36) },
	{ new KeyValuePair<int, TokenType>(57, TokenType.LINE_END), new ParseAction(ParseActionKind.REDUCE, 48) },
	{ new KeyValuePair<int, TokenType>(59, TokenType.LINE_END), new ParseAction(ParseActionKind.REDUCE, 53) },
	{ new KeyValuePair<int, TokenType>(60, TokenType.LINE_END), new ParseAction(ParseActionKind.REDUCE, 56) },
	{ new KeyValuePair<int, TokenType>(61, TokenType.LINE_END), new ParseAction(ParseActionKind.REDUCE, 55) },
	{ new KeyValuePair<int, TokenType>(62, TokenType.LINE_END), new ParseAction(ParseActionKind.REDUCE, 64) },
	{ new KeyValuePair<int, TokenType>(63, TokenType.LINE_END), new ParseAction(ParseActionKind.REDUCE, 63) },
	{ new KeyValuePair<int, TokenType>(64, TokenType.LINE_END), new ParseAction(ParseActionKind.REDUCE, 57) },
	{ new KeyValuePair<int, TokenType>(66, TokenType.LINE_END), new ParseAction(ParseActionKind.REDUCE, 44) },
	{ new KeyValuePair<int, TokenType>(68, TokenType.LINE_END), new ParseAction(ParseActionKind.REDUCE, 43) },
	{ new KeyValuePair<int, TokenType>(69, TokenType.LINE_END), new ParseAction(ParseActionKind.SHIFT, 70) },
	{ new KeyValuePair<int, TokenType>(73, TokenType.LINE_END), new ParseAction(ParseActionKind.SHIFT, 74) },
	{ new KeyValuePair<int, TokenType>(77, TokenType.LINE_END), new ParseAction(ParseActionKind.REDUCE, 31) },
	{ new KeyValuePair<int, TokenType>(109, TokenType.LINE_END), new ParseAction(ParseActionKind.SHIFT, 110) },
	{ new KeyValuePair<int, TokenType>(7, TokenType.BLOCK_END), new ParseAction(ParseActionKind.REDUCE, 6) },
	{ new KeyValuePair<int, TokenType>(8, TokenType.BLOCK_END), new ParseAction(ParseActionKind.SHIFT, 9) },
	{ new KeyValuePair<int, TokenType>(10, TokenType.BLOCK_END), new ParseAction(ParseActionKind.REDUCE, 6) },
	{ new KeyValuePair<int, TokenType>(11, TokenType.BLOCK_END), new ParseAction(ParseActionKind.REDUCE, 5) },
	{ new KeyValuePair<int, TokenType>(12, TokenType.BLOCK_END), new ParseAction(ParseActionKind.REDUCE, 6) },
	{ new KeyValuePair<int, TokenType>(13, TokenType.BLOCK_END), new ParseAction(ParseActionKind.REDUCE, 4) },
	{ new KeyValuePair<int, TokenType>(16, TokenType.BLOCK_END), new ParseAction(ParseActionKind.SHIFT, 17) },
	{ new KeyValuePair<int, TokenType>(17, TokenType.BLOCK_END), new ParseAction(ParseActionKind.REDUCE, 14) },
	{ new KeyValuePair<int, TokenType>(19, TokenType.BLOCK_END), new ParseAction(ParseActionKind.REDUCE, 22) },
	{ new KeyValuePair<int, TokenType>(20, TokenType.BLOCK_END), new ParseAction(ParseActionKind.REDUCE, 21) },
	{ new KeyValuePair<int, TokenType>(21, TokenType.BLOCK_END), new ParseAction(ParseActionKind.REDUCE, 25) },
	{ new KeyValuePair<int, TokenType>(22, TokenType.BLOCK_END), new ParseAction(ParseActionKind.REDUCE, 23) },
	{ new KeyValuePair<int, TokenType>(23, TokenType.BLOCK_END), new ParseAction(ParseActionKind.REDUCE, 24) },
	{ new KeyValuePair<int, TokenType>(26, TokenType.BLOCK_END), new ParseAction(ParseActionKind.REDUCE, 30) },
	{ new KeyValuePair<int, TokenType>(70, TokenType.BLOCK_END), new ParseAction(ParseActionKind.REDUCE, 29) },
	{ new KeyValuePair<int, TokenType>(71, TokenType.BLOCK_END), new ParseAction(ParseActionKind.REDUCE, 28) },
	{ new KeyValuePair<int, TokenType>(72, TokenType.BLOCK_END), new ParseAction(ParseActionKind.REDUCE, 27) },
	{ new KeyValuePair<int, TokenType>(74, TokenType.BLOCK_END), new ParseAction(ParseActionKind.REDUCE, 26) },
	{ new KeyValuePair<int, TokenType>(83, TokenType.BLOCK_END), new ParseAction(ParseActionKind.SHIFT, 84) },
	{ new KeyValuePair<int, TokenType>(84, TokenType.BLOCK_END), new ParseAction(ParseActionKind.REDUCE, 35) },
	{ new KeyValuePair<int, TokenType>(85, TokenType.BLOCK_END), new ParseAction(ParseActionKind.REDUCE, 32) },
	{ new KeyValuePair<int, TokenType>(88, TokenType.BLOCK_END), new ParseAction(ParseActionKind.SHIFT, 89) },
	{ new KeyValuePair<int, TokenType>(89, TokenType.BLOCK_END), new ParseAction(ParseActionKind.REDUCE, 33) },
	{ new KeyValuePair<int, TokenType>(95, TokenType.BLOCK_END), new ParseAction(ParseActionKind.SHIFT, 96) },
	{ new KeyValuePair<int, TokenType>(96, TokenType.BLOCK_END), new ParseAction(ParseActionKind.REDUCE, 34) },
	{ new KeyValuePair<int, TokenType>(110, TokenType.BLOCK_END), new ParseAction(ParseActionKind.REDUCE, 7) },
	{ new KeyValuePair<int, TokenType>(5, TokenType.BLOCK_START), new ParseAction(ParseActionKind.SHIFT, 7) },
	{ new KeyValuePair<int, TokenType>(14, TokenType.BLOCK_START), new ParseAction(ParseActionKind.SHIFT, 15) },
	{ new KeyValuePair<int, TokenType>(81, TokenType.BLOCK_START), new ParseAction(ParseActionKind.SHIFT, 82) },
	{ new KeyValuePair<int, TokenType>(86, TokenType.BLOCK_START), new ParseAction(ParseActionKind.SHIFT, 87) },
	{ new KeyValuePair<int, TokenType>(93, TokenType.BLOCK_START), new ParseAction(ParseActionKind.SHIFT, 94) },
	{ new KeyValuePair<int, TokenType>(111, TokenType.BLOCK_START), new ParseAction(ParseActionKind.REDUCE, 15) },
	{ new KeyValuePair<int, TokenType>(113, TokenType.BLOCK_START), new ParseAction(ParseActionKind.REDUCE, 17) },
	{ new KeyValuePair<int, TokenType>(115, TokenType.BLOCK_START), new ParseAction(ParseActionKind.REDUCE, 16) },
	{ new KeyValuePair<int, TokenType>(4, TokenType.ID), new ParseAction(ParseActionKind.SHIFT, 5) },
	{ new KeyValuePair<int, TokenType>(15, TokenType.ID), new ParseAction(ParseActionKind.SHIFT, 75) },
	{ new KeyValuePair<int, TokenType>(21, TokenType.ID), new ParseAction(ParseActionKind.SHIFT, 75) },
	{ new KeyValuePair<int, TokenType>(24, TokenType.ID), new ParseAction(ParseActionKind.SHIFT, 41) },
	{ new KeyValuePair<int, TokenType>(26, TokenType.ID), new ParseAction(ParseActionKind.REDUCE, 30) },
	{ new KeyValuePair<int, TokenType>(27, TokenType.ID), new ParseAction(ParseActionKind.SHIFT, 41) },
	{ new KeyValuePair<int, TokenType>(33, TokenType.ID), new ParseAction(ParseActionKind.SHIFT, 41) },
	{ new KeyValuePair<int, TokenType>(36, TokenType.ID), new ParseAction(ParseActionKind.SHIFT, 41) },
	{ new KeyValuePair<int, TokenType>(42, TokenType.ID), new ParseAction(ParseActionKind.SHIFT, 43) },
	{ new KeyValuePair<int, TokenType>(45, TokenType.ID), new ParseAction(ParseActionKind.SHIFT, 41) },
	{ new KeyValuePair<int, TokenType>(50, TokenType.ID), new ParseAction(ParseActionKind.SHIFT, 41) },
	{ new KeyValuePair<int, TokenType>(55, TokenType.ID), new ParseAction(ParseActionKind.SHIFT, 41) },
	{ new KeyValuePair<int, TokenType>(58, TokenType.ID), new ParseAction(ParseActionKind.SHIFT, 41) },
	{ new KeyValuePair<int, TokenType>(65, TokenType.ID), new ParseAction(ParseActionKind.SHIFT, 41) },
	{ new KeyValuePair<int, TokenType>(67, TokenType.ID), new ParseAction(ParseActionKind.SHIFT, 41) },
	{ new KeyValuePair<int, TokenType>(70, TokenType.ID), new ParseAction(ParseActionKind.REDUCE, 29) },
	{ new KeyValuePair<int, TokenType>(71, TokenType.ID), new ParseAction(ParseActionKind.REDUCE, 28) },
	{ new KeyValuePair<int, TokenType>(72, TokenType.ID), new ParseAction(ParseActionKind.REDUCE, 27) },
	{ new KeyValuePair<int, TokenType>(74, TokenType.ID), new ParseAction(ParseActionKind.REDUCE, 26) },
	{ new KeyValuePair<int, TokenType>(76, TokenType.ID), new ParseAction(ParseActionKind.SHIFT, 41) },
	{ new KeyValuePair<int, TokenType>(79, TokenType.ID), new ParseAction(ParseActionKind.SHIFT, 41) },
	{ new KeyValuePair<int, TokenType>(82, TokenType.ID), new ParseAction(ParseActionKind.SHIFT, 75) },
	{ new KeyValuePair<int, TokenType>(84, TokenType.ID), new ParseAction(ParseActionKind.REDUCE, 35) },
	{ new KeyValuePair<int, TokenType>(85, TokenType.ID), new ParseAction(ParseActionKind.REDUCE, 32) },
	{ new KeyValuePair<int, TokenType>(87, TokenType.ID), new ParseAction(ParseActionKind.SHIFT, 75) },
	{ new KeyValuePair<int, TokenType>(89, TokenType.ID), new ParseAction(ParseActionKind.REDUCE, 33) },
	{ new KeyValuePair<int, TokenType>(91, TokenType.ID), new ParseAction(ParseActionKind.SHIFT, 41) },
	{ new KeyValuePair<int, TokenType>(94, TokenType.ID), new ParseAction(ParseActionKind.SHIFT, 75) },
	{ new KeyValuePair<int, TokenType>(96, TokenType.ID), new ParseAction(ParseActionKind.REDUCE, 34) },
	{ new KeyValuePair<int, TokenType>(98, TokenType.ID), new ParseAction(ParseActionKind.SHIFT, 41) },
	{ new KeyValuePair<int, TokenType>(101, TokenType.ID), new ParseAction(ParseActionKind.SHIFT, 41) },
	{ new KeyValuePair<int, TokenType>(104, TokenType.ID), new ParseAction(ParseActionKind.SHIFT, 41) },
	{ new KeyValuePair<int, TokenType>(108, TokenType.ID), new ParseAction(ParseActionKind.SHIFT, 109) },
	{ new KeyValuePair<int, TokenType>(119, TokenType.ID), new ParseAction(ParseActionKind.SHIFT, 120) },
	{ new KeyValuePair<int, TokenType>(121, TokenType.ID), new ParseAction(ParseActionKind.REDUCE, 13) },
	{ new KeyValuePair<int, TokenType>(122, TokenType.ID), new ParseAction(ParseActionKind.REDUCE, 12) },
	{ new KeyValuePair<int, TokenType>(0, TokenType.CLASS), new ParseAction(ParseActionKind.SHIFT, 4) },
	{ new KeyValuePair<int, TokenType>(2, TokenType.EOF), new ParseAction(ParseActionKind.SHIFT, 3) },
	{ new KeyValuePair<int, TokenType>(6, TokenType.EOF), new ParseAction(ParseActionKind.REDUCE, 2) },
	{ new KeyValuePair<int, TokenType>(9, TokenType.EOF), new ParseAction(ParseActionKind.REDUCE, 3) },
	{ new KeyValuePair<int, TokenType>(1, TokenType.EOF), new ParseAction(ParseActionKind.ACCEPT) },
	{ new KeyValuePair<int, TokenType>(3, TokenType.EOF), new ParseAction(ParseActionKind.REDUCE, 1) }
};
}


// GOTO DICTIONARY 
public Dictionary<KeyValuePair<int, string>, int> CreateGoToTable()
{
return new Dictionary<KeyValuePair<int, string>, int>()
{
	{ new KeyValuePair<int, string>(0, "PS_PROGRAM"), 1},
	{ new KeyValuePair<int, string>(0, "CLASS_DEF"), 2},
	{ new KeyValuePair<int, string>(5, "CLASS_BODY"), 6},
	{ new KeyValuePair<int, string>(7, "CLASS_DECLARATIONS"), 8},
	{ new KeyValuePair<int, string>(10, "CLASS_DECLARATIONS"), 11},
	{ new KeyValuePair<int, string>(12, "CLASS_DECLARATIONS"), 13},
	{ new KeyValuePair<int, string>(7, "FIELD_DECLARATION"), 12},
	{ new KeyValuePair<int, string>(10, "FIELD_DECLARATION"), 12},
	{ new KeyValuePair<int, string>(12, "FIELD_DECLARATION"), 12},
	{ new KeyValuePair<int, string>(7, "VISIBILITY_MODIFIER"), 106},
	{ new KeyValuePair<int, string>(10, "VISIBILITY_MODIFIER"), 106},
	{ new KeyValuePair<int, string>(12, "VISIBILITY_MODIFIER"), 106},
	{ new KeyValuePair<int, string>(106, "STATIC_MODIFIER"), 107},
	{ new KeyValuePair<int, string>(107, "TYPE_DEFINITION"), 108},
	{ new KeyValuePair<int, string>(112, "TYPE_DEFINITION"), 119},
	{ new KeyValuePair<int, string>(117, "TYPE_DEFINITION"), 119},
	{ new KeyValuePair<int, string>(7, "METHOD_DECLARATION"), 10},
	{ new KeyValuePair<int, string>(10, "METHOD_DECLARATION"), 10},
	{ new KeyValuePair<int, string>(12, "METHOD_DECLARATION"), 10},
	{ new KeyValuePair<int, string>(7, "METHOD_HEADER"), 14},
	{ new KeyValuePair<int, string>(10, "METHOD_HEADER"), 14},
	{ new KeyValuePair<int, string>(12, "METHOD_HEADER"), 14},
	{ new KeyValuePair<int, string>(109, "METHOD_ARGS"), 111},
	{ new KeyValuePair<int, string>(112, "ARGUMENTS_DEFINITION"), 114},
	{ new KeyValuePair<int, string>(117, "ARGUMENTS_DEFINITION"), 118},
	{ new KeyValuePair<int, string>(112, "ARGUMENT_DEFINITION"), 116},
	{ new KeyValuePair<int, string>(117, "ARGUMENT_DEFINITION"), 116},
	{ new KeyValuePair<int, string>(15, "STATEMENTS_BLOCK"), 16},
	{ new KeyValuePair<int, string>(82, "STATEMENTS_BLOCK"), 83},
	{ new KeyValuePair<int, string>(87, "STATEMENTS_BLOCK"), 88},
	{ new KeyValuePair<int, string>(94, "STATEMENTS_BLOCK"), 95},
	{ new KeyValuePair<int, string>(15, "STATEMENTS"), 20},
	{ new KeyValuePair<int, string>(21, "STATEMENTS"), 23},
	{ new KeyValuePair<int, string>(82, "STATEMENTS"), 20},
	{ new KeyValuePair<int, string>(87, "STATEMENTS"), 20},
	{ new KeyValuePair<int, string>(94, "STATEMENTS"), 20},
	{ new KeyValuePair<int, string>(21, "STATEMENTS_S"), 22},
	{ new KeyValuePair<int, string>(15, "STATEMENT"), 21},
	{ new KeyValuePair<int, string>(21, "STATEMENT"), 21},
	{ new KeyValuePair<int, string>(82, "STATEMENT"), 21},
	{ new KeyValuePair<int, string>(87, "STATEMENT"), 21},
	{ new KeyValuePair<int, string>(94, "STATEMENT"), 21},
	{ new KeyValuePair<int, string>(15, "ASSIGN_STATEMENT"), 69},
	{ new KeyValuePair<int, string>(21, "ASSIGN_STATEMENT"), 69},
	{ new KeyValuePair<int, string>(82, "ASSIGN_STATEMENT"), 69},
	{ new KeyValuePair<int, string>(87, "ASSIGN_STATEMENT"), 69},
	{ new KeyValuePair<int, string>(94, "ASSIGN_STATEMENT"), 69},
	{ new KeyValuePair<int, string>(15, "IF_STATEMENT"), 72},
	{ new KeyValuePair<int, string>(21, "IF_STATEMENT"), 72},
	{ new KeyValuePair<int, string>(82, "IF_STATEMENT"), 72},
	{ new KeyValuePair<int, string>(87, "IF_STATEMENT"), 72},
	{ new KeyValuePair<int, string>(94, "IF_STATEMENT"), 72},
	{ new KeyValuePair<int, string>(15, "IF_THEN_STATEMENT"), 85},
	{ new KeyValuePair<int, string>(21, "IF_THEN_STATEMENT"), 85},
	{ new KeyValuePair<int, string>(82, "IF_THEN_STATEMENT"), 85},
	{ new KeyValuePair<int, string>(87, "IF_THEN_STATEMENT"), 85},
	{ new KeyValuePair<int, string>(94, "IF_THEN_STATEMENT"), 85},
	{ new KeyValuePair<int, string>(15, "WHILE_STATEMENT"), 71},
	{ new KeyValuePair<int, string>(21, "WHILE_STATEMENT"), 71},
	{ new KeyValuePair<int, string>(82, "WHILE_STATEMENT"), 71},
	{ new KeyValuePair<int, string>(87, "WHILE_STATEMENT"), 71},
	{ new KeyValuePair<int, string>(94, "WHILE_STATEMENT"), 71},
	{ new KeyValuePair<int, string>(24, "EXPRESSION"), 25},
	{ new KeyValuePair<int, string>(45, "EXPRESSION"), 49},
	{ new KeyValuePair<int, string>(50, "EXPRESSION"), 49},
	{ new KeyValuePair<int, string>(55, "EXPRESSION"), 56},
	{ new KeyValuePair<int, string>(76, "EXPRESSION"), 77},
	{ new KeyValuePair<int, string>(79, "EXPRESSION"), 103},
	{ new KeyValuePair<int, string>(91, "EXPRESSION"), 103},
	{ new KeyValuePair<int, string>(98, "EXPRESSION"), 103},
	{ new KeyValuePair<int, string>(101, "EXPRESSION"), 103},
	{ new KeyValuePair<int, string>(104, "EXPRESSION"), 103},
	{ new KeyValuePair<int, string>(24, "TERM"), 54},
	{ new KeyValuePair<int, string>(27, "TERM"), 28},
	{ new KeyValuePair<int, string>(33, "TERM"), 34},
	{ new KeyValuePair<int, string>(45, "TERM"), 54},
	{ new KeyValuePair<int, string>(50, "TERM"), 54},
	{ new KeyValuePair<int, string>(55, "TERM"), 54},
	{ new KeyValuePair<int, string>(58, "TERM"), 59},
	{ new KeyValuePair<int, string>(65, "TERM"), 66},
	{ new KeyValuePair<int, string>(67, "TERM"), 68},
	{ new KeyValuePair<int, string>(76, "TERM"), 54},
	{ new KeyValuePair<int, string>(79, "TERM"), 54},
	{ new KeyValuePair<int, string>(91, "TERM"), 54},
	{ new KeyValuePair<int, string>(98, "TERM"), 54},
	{ new KeyValuePair<int, string>(101, "TERM"), 54},
	{ new KeyValuePair<int, string>(104, "TERM"), 54},
	{ new KeyValuePair<int, string>(24, "MUL_EXPRESSION"), 31},
	{ new KeyValuePair<int, string>(27, "MUL_EXPRESSION"), 31},
	{ new KeyValuePair<int, string>(33, "MUL_EXPRESSION"), 31},
	{ new KeyValuePair<int, string>(45, "MUL_EXPRESSION"), 31},
	{ new KeyValuePair<int, string>(50, "MUL_EXPRESSION"), 31},
	{ new KeyValuePair<int, string>(55, "MUL_EXPRESSION"), 31},
	{ new KeyValuePair<int, string>(58, "MUL_EXPRESSION"), 31},
	{ new KeyValuePair<int, string>(65, "MUL_EXPRESSION"), 31},
	{ new KeyValuePair<int, string>(67, "MUL_EXPRESSION"), 31},
	{ new KeyValuePair<int, string>(76, "MUL_EXPRESSION"), 31},
	{ new KeyValuePair<int, string>(79, "MUL_EXPRESSION"), 31},
	{ new KeyValuePair<int, string>(91, "MUL_EXPRESSION"), 31},
	{ new KeyValuePair<int, string>(98, "MUL_EXPRESSION"), 31},
	{ new KeyValuePair<int, string>(101, "MUL_EXPRESSION"), 31},
	{ new KeyValuePair<int, string>(104, "MUL_EXPRESSION"), 31},
	{ new KeyValuePair<int, string>(24, "DIV_EXPRESSION"), 30},
	{ new KeyValuePair<int, string>(27, "DIV_EXPRESSION"), 30},
	{ new KeyValuePair<int, string>(33, "DIV_EXPRESSION"), 30},
	{ new KeyValuePair<int, string>(45, "DIV_EXPRESSION"), 30},
	{ new KeyValuePair<int, string>(50, "DIV_EXPRESSION"), 30},
	{ new KeyValuePair<int, string>(55, "DIV_EXPRESSION"), 30},
	{ new KeyValuePair<int, string>(58, "DIV_EXPRESSION"), 30},
	{ new KeyValuePair<int, string>(65, "DIV_EXPRESSION"), 30},
	{ new KeyValuePair<int, string>(67, "DIV_EXPRESSION"), 30},
	{ new KeyValuePair<int, string>(76, "DIV_EXPRESSION"), 30},
	{ new KeyValuePair<int, string>(79, "DIV_EXPRESSION"), 30},
	{ new KeyValuePair<int, string>(91, "DIV_EXPRESSION"), 30},
	{ new KeyValuePair<int, string>(98, "DIV_EXPRESSION"), 30},
	{ new KeyValuePair<int, string>(101, "DIV_EXPRESSION"), 30},
	{ new KeyValuePair<int, string>(104, "DIV_EXPRESSION"), 30},
	{ new KeyValuePair<int, string>(24, "MOD_EXPRESSION"), 29},
	{ new KeyValuePair<int, string>(27, "MOD_EXPRESSION"), 29},
	{ new KeyValuePair<int, string>(33, "MOD_EXPRESSION"), 29},
	{ new KeyValuePair<int, string>(45, "MOD_EXPRESSION"), 29},
	{ new KeyValuePair<int, string>(50, "MOD_EXPRESSION"), 29},
	{ new KeyValuePair<int, string>(55, "MOD_EXPRESSION"), 29},
	{ new KeyValuePair<int, string>(58, "MOD_EXPRESSION"), 29},
	{ new KeyValuePair<int, string>(65, "MOD_EXPRESSION"), 29},
	{ new KeyValuePair<int, string>(67, "MOD_EXPRESSION"), 29},
	{ new KeyValuePair<int, string>(76, "MOD_EXPRESSION"), 29},
	{ new KeyValuePair<int, string>(79, "MOD_EXPRESSION"), 29},
	{ new KeyValuePair<int, string>(91, "MOD_EXPRESSION"), 29},
	{ new KeyValuePair<int, string>(98, "MOD_EXPRESSION"), 29},
	{ new KeyValuePair<int, string>(101, "MOD_EXPRESSION"), 29},
	{ new KeyValuePair<int, string>(104, "MOD_EXPRESSION"), 29},
	{ new KeyValuePair<int, string>(24, "UNARY_EXPRESSION"), 32},
	{ new KeyValuePair<int, string>(27, "UNARY_EXPRESSION"), 32},
	{ new KeyValuePair<int, string>(33, "UNARY_EXPRESSION"), 32},
	{ new KeyValuePair<int, string>(45, "UNARY_EXPRESSION"), 32},
	{ new KeyValuePair<int, string>(50, "UNARY_EXPRESSION"), 32},
	{ new KeyValuePair<int, string>(55, "UNARY_EXPRESSION"), 32},
	{ new KeyValuePair<int, string>(58, "UNARY_EXPRESSION"), 32},
	{ new KeyValuePair<int, string>(65, "UNARY_EXPRESSION"), 32},
	{ new KeyValuePair<int, string>(67, "UNARY_EXPRESSION"), 32},
	{ new KeyValuePair<int, string>(76, "UNARY_EXPRESSION"), 32},
	{ new KeyValuePair<int, string>(79, "UNARY_EXPRESSION"), 32},
	{ new KeyValuePair<int, string>(91, "UNARY_EXPRESSION"), 32},
	{ new KeyValuePair<int, string>(98, "UNARY_EXPRESSION"), 32},
	{ new KeyValuePair<int, string>(101, "UNARY_EXPRESSION"), 32},
	{ new KeyValuePair<int, string>(104, "UNARY_EXPRESSION"), 32},
	{ new KeyValuePair<int, string>(24, "SIMPLE_TERM"), 35},
	{ new KeyValuePair<int, string>(27, "SIMPLE_TERM"), 35},
	{ new KeyValuePair<int, string>(33, "SIMPLE_TERM"), 35},
	{ new KeyValuePair<int, string>(36, "SIMPLE_TERM"), 37},
	{ new KeyValuePair<int, string>(45, "SIMPLE_TERM"), 35},
	{ new KeyValuePair<int, string>(50, "SIMPLE_TERM"), 35},
	{ new KeyValuePair<int, string>(55, "SIMPLE_TERM"), 35},
	{ new KeyValuePair<int, string>(58, "SIMPLE_TERM"), 35},
	{ new KeyValuePair<int, string>(65, "SIMPLE_TERM"), 35},
	{ new KeyValuePair<int, string>(67, "SIMPLE_TERM"), 35},
	{ new KeyValuePair<int, string>(76, "SIMPLE_TERM"), 35},
	{ new KeyValuePair<int, string>(79, "SIMPLE_TERM"), 35},
	{ new KeyValuePair<int, string>(91, "SIMPLE_TERM"), 35},
	{ new KeyValuePair<int, string>(98, "SIMPLE_TERM"), 35},
	{ new KeyValuePair<int, string>(101, "SIMPLE_TERM"), 35},
	{ new KeyValuePair<int, string>(104, "SIMPLE_TERM"), 35},
	{ new KeyValuePair<int, string>(24, "ADD_EXPRESSION"), 53},
	{ new KeyValuePair<int, string>(45, "ADD_EXPRESSION"), 53},
	{ new KeyValuePair<int, string>(50, "ADD_EXPRESSION"), 53},
	{ new KeyValuePair<int, string>(55, "ADD_EXPRESSION"), 53},
	{ new KeyValuePair<int, string>(76, "ADD_EXPRESSION"), 53},
	{ new KeyValuePair<int, string>(79, "ADD_EXPRESSION"), 53},
	{ new KeyValuePair<int, string>(91, "ADD_EXPRESSION"), 53},
	{ new KeyValuePair<int, string>(98, "ADD_EXPRESSION"), 53},
	{ new KeyValuePair<int, string>(101, "ADD_EXPRESSION"), 53},
	{ new KeyValuePair<int, string>(104, "ADD_EXPRESSION"), 53},
	{ new KeyValuePair<int, string>(24, "SUB_EXPRESSION"), 52},
	{ new KeyValuePair<int, string>(45, "SUB_EXPRESSION"), 52},
	{ new KeyValuePair<int, string>(50, "SUB_EXPRESSION"), 52},
	{ new KeyValuePair<int, string>(55, "SUB_EXPRESSION"), 52},
	{ new KeyValuePair<int, string>(76, "SUB_EXPRESSION"), 52},
	{ new KeyValuePair<int, string>(79, "SUB_EXPRESSION"), 52},
	{ new KeyValuePair<int, string>(91, "SUB_EXPRESSION"), 52},
	{ new KeyValuePair<int, string>(98, "SUB_EXPRESSION"), 52},
	{ new KeyValuePair<int, string>(101, "SUB_EXPRESSION"), 52},
	{ new KeyValuePair<int, string>(104, "SUB_EXPRESSION"), 52},
	{ new KeyValuePair<int, string>(15, "FUNC_CALL"), 73},
	{ new KeyValuePair<int, string>(21, "FUNC_CALL"), 73},
	{ new KeyValuePair<int, string>(24, "FUNC_CALL"), 38},
	{ new KeyValuePair<int, string>(27, "FUNC_CALL"), 38},
	{ new KeyValuePair<int, string>(33, "FUNC_CALL"), 38},
	{ new KeyValuePair<int, string>(36, "FUNC_CALL"), 38},
	{ new KeyValuePair<int, string>(45, "FUNC_CALL"), 38},
	{ new KeyValuePair<int, string>(50, "FUNC_CALL"), 38},
	{ new KeyValuePair<int, string>(55, "FUNC_CALL"), 38},
	{ new KeyValuePair<int, string>(58, "FUNC_CALL"), 38},
	{ new KeyValuePair<int, string>(65, "FUNC_CALL"), 38},
	{ new KeyValuePair<int, string>(67, "FUNC_CALL"), 38},
	{ new KeyValuePair<int, string>(76, "FUNC_CALL"), 38},
	{ new KeyValuePair<int, string>(79, "FUNC_CALL"), 38},
	{ new KeyValuePair<int, string>(82, "FUNC_CALL"), 73},
	{ new KeyValuePair<int, string>(87, "FUNC_CALL"), 73},
	{ new KeyValuePair<int, string>(91, "FUNC_CALL"), 38},
	{ new KeyValuePair<int, string>(94, "FUNC_CALL"), 73},
	{ new KeyValuePair<int, string>(98, "FUNC_CALL"), 38},
	{ new KeyValuePair<int, string>(101, "FUNC_CALL"), 38},
	{ new KeyValuePair<int, string>(104, "FUNC_CALL"), 38},
	{ new KeyValuePair<int, string>(15, "THIS_METHOD_CALL"), 61},
	{ new KeyValuePair<int, string>(21, "THIS_METHOD_CALL"), 61},
	{ new KeyValuePair<int, string>(24, "THIS_METHOD_CALL"), 61},
	{ new KeyValuePair<int, string>(27, "THIS_METHOD_CALL"), 61},
	{ new KeyValuePair<int, string>(33, "THIS_METHOD_CALL"), 61},
	{ new KeyValuePair<int, string>(36, "THIS_METHOD_CALL"), 61},
	{ new KeyValuePair<int, string>(45, "THIS_METHOD_CALL"), 61},
	{ new KeyValuePair<int, string>(50, "THIS_METHOD_CALL"), 61},
	{ new KeyValuePair<int, string>(55, "THIS_METHOD_CALL"), 61},
	{ new KeyValuePair<int, string>(58, "THIS_METHOD_CALL"), 61},
	{ new KeyValuePair<int, string>(65, "THIS_METHOD_CALL"), 61},
	{ new KeyValuePair<int, string>(67, "THIS_METHOD_CALL"), 61},
	{ new KeyValuePair<int, string>(76, "THIS_METHOD_CALL"), 61},
	{ new KeyValuePair<int, string>(79, "THIS_METHOD_CALL"), 61},
	{ new KeyValuePair<int, string>(82, "THIS_METHOD_CALL"), 61},
	{ new KeyValuePair<int, string>(87, "THIS_METHOD_CALL"), 61},
	{ new KeyValuePair<int, string>(91, "THIS_METHOD_CALL"), 61},
	{ new KeyValuePair<int, string>(94, "THIS_METHOD_CALL"), 61},
	{ new KeyValuePair<int, string>(98, "THIS_METHOD_CALL"), 61},
	{ new KeyValuePair<int, string>(101, "THIS_METHOD_CALL"), 61},
	{ new KeyValuePair<int, string>(104, "THIS_METHOD_CALL"), 61},
	{ new KeyValuePair<int, string>(15, "EXTERNAL_METHOD_CALL"), 60},
	{ new KeyValuePair<int, string>(21, "EXTERNAL_METHOD_CALL"), 60},
	{ new KeyValuePair<int, string>(24, "EXTERNAL_METHOD_CALL"), 60},
	{ new KeyValuePair<int, string>(27, "EXTERNAL_METHOD_CALL"), 60},
	{ new KeyValuePair<int, string>(33, "EXTERNAL_METHOD_CALL"), 60},
	{ new KeyValuePair<int, string>(36, "EXTERNAL_METHOD_CALL"), 60},
	{ new KeyValuePair<int, string>(45, "EXTERNAL_METHOD_CALL"), 60},
	{ new KeyValuePair<int, string>(50, "EXTERNAL_METHOD_CALL"), 60},
	{ new KeyValuePair<int, string>(55, "EXTERNAL_METHOD_CALL"), 60},
	{ new KeyValuePair<int, string>(58, "EXTERNAL_METHOD_CALL"), 60},
	{ new KeyValuePair<int, string>(65, "EXTERNAL_METHOD_CALL"), 60},
	{ new KeyValuePair<int, string>(67, "EXTERNAL_METHOD_CALL"), 60},
	{ new KeyValuePair<int, string>(76, "EXTERNAL_METHOD_CALL"), 60},
	{ new KeyValuePair<int, string>(79, "EXTERNAL_METHOD_CALL"), 60},
	{ new KeyValuePair<int, string>(82, "EXTERNAL_METHOD_CALL"), 60},
	{ new KeyValuePair<int, string>(87, "EXTERNAL_METHOD_CALL"), 60},
	{ new KeyValuePair<int, string>(91, "EXTERNAL_METHOD_CALL"), 60},
	{ new KeyValuePair<int, string>(94, "EXTERNAL_METHOD_CALL"), 60},
	{ new KeyValuePair<int, string>(98, "EXTERNAL_METHOD_CALL"), 60},
	{ new KeyValuePair<int, string>(101, "EXTERNAL_METHOD_CALL"), 60},
	{ new KeyValuePair<int, string>(104, "EXTERNAL_METHOD_CALL"), 60},
	{ new KeyValuePair<int, string>(41, "CALL_ARGS"), 64},
	{ new KeyValuePair<int, string>(43, "CALL_ARGS"), 44},
	{ new KeyValuePair<int, string>(75, "CALL_ARGS"), 64},
	{ new KeyValuePair<int, string>(45, "CALL_ARGS_LIST"), 47},
	{ new KeyValuePair<int, string>(50, "CALL_ARGS_LIST"), 51},
	{ new KeyValuePair<int, string>(24, "BOOL_VALUE"), 39},
	{ new KeyValuePair<int, string>(27, "BOOL_VALUE"), 39},
	{ new KeyValuePair<int, string>(33, "BOOL_VALUE"), 39},
	{ new KeyValuePair<int, string>(36, "BOOL_VALUE"), 39},
	{ new KeyValuePair<int, string>(45, "BOOL_VALUE"), 39},
	{ new KeyValuePair<int, string>(50, "BOOL_VALUE"), 39},
	{ new KeyValuePair<int, string>(55, "BOOL_VALUE"), 39},
	{ new KeyValuePair<int, string>(58, "BOOL_VALUE"), 39},
	{ new KeyValuePair<int, string>(65, "BOOL_VALUE"), 39},
	{ new KeyValuePair<int, string>(67, "BOOL_VALUE"), 39},
	{ new KeyValuePair<int, string>(76, "BOOL_VALUE"), 39},
	{ new KeyValuePair<int, string>(79, "BOOL_VALUE"), 39},
	{ new KeyValuePair<int, string>(91, "BOOL_VALUE"), 39},
	{ new KeyValuePair<int, string>(98, "BOOL_VALUE"), 39},
	{ new KeyValuePair<int, string>(101, "BOOL_VALUE"), 39},
	{ new KeyValuePair<int, string>(104, "BOOL_VALUE"), 39},
	{ new KeyValuePair<int, string>(79, "OR_TEST"), 80},
	{ new KeyValuePair<int, string>(91, "OR_TEST"), 92},
	{ new KeyValuePair<int, string>(98, "OR_TEST"), 99},
	{ new KeyValuePair<int, string>(79, "AND_TEST"), 97},
	{ new KeyValuePair<int, string>(91, "AND_TEST"), 97},
	{ new KeyValuePair<int, string>(98, "AND_TEST"), 97},
	{ new KeyValuePair<int, string>(101, "AND_TEST"), 102},
	{ new KeyValuePair<int, string>(79, "NOT_TEST"), 100},
	{ new KeyValuePair<int, string>(91, "NOT_TEST"), 100},
	{ new KeyValuePair<int, string>(98, "NOT_TEST"), 100},
	{ new KeyValuePair<int, string>(101, "NOT_TEST"), 100},
	{ new KeyValuePair<int, string>(104, "NOT_TEST"), 105}
} ;
}


// PRODUCTIONS 
public Dictionary<int, ProductionInfo> CreateProductionsInfo()
{
return new Dictionary<int, ProductionInfo>()
{
{1, new ProductionInfo("PS_PROGRAM", 2, "")}, // #PS_PROGRAM #CLASS_DEF EOF
{2, new ProductionInfo("CLASS_DEF", 3, "")}, // #CLASS_DEF CLASS ID #CLASS_BODY
{3, new ProductionInfo("CLASS_BODY", 3, "")}, // #CLASS_BODY BLOCK_START #CLASS_DECLARATIONS BLOCK_END
{4, new ProductionInfo("CLASS_DECLARATIONS", 2, "")}, // #CLASS_DECLARATIONS #FIELD_DECLARATION #CLASS_DECLARATIONS
{5, new ProductionInfo("CLASS_DECLARATIONS", 2, "")}, // #CLASS_DECLARATIONS #METHOD_DECLARATION #CLASS_DECLARATIONS
{6, new ProductionInfo("CLASS_DECLARATIONS", 0, "")}, // #CLASS_DECLARATIONS
{7, new ProductionInfo("FIELD_DECLARATION", 5, "")}, // #FIELD_DECLARATION #VISIBILITY_MODIFIER #STATIC_MODIFIER #TYPE_DEFINITION ID LINE_END
{8, new ProductionInfo("VISIBILITY_MODIFIER", 1, "")}, // #VISIBILITY_MODIFIER PUBLIC
{9, new ProductionInfo("VISIBILITY_MODIFIER", 1, "")}, // #VISIBILITY_MODIFIER PRIVATE
{10, new ProductionInfo("STATIC_MODIFIER", 1, "")}, // #STATIC_MODIFIER STATIC
{11, new ProductionInfo("STATIC_MODIFIER", 0, "")}, // #STATIC_MODIFIER
{12, new ProductionInfo("TYPE_DEFINITION", 1, "")}, // #TYPE_DEFINITION BOOL
{13, new ProductionInfo("TYPE_DEFINITION", 1, "")}, // #TYPE_DEFINITION INT
{14, new ProductionInfo("METHOD_DECLARATION", 4, "")}, // #METHOD_DECLARATION #METHOD_HEADER BLOCK_START #STATEMENTS_BLOCK BLOCK_END
{15, new ProductionInfo("METHOD_HEADER", 5, "")}, // #METHOD_HEADER #VISIBILITY_MODIFIER #STATIC_MODIFIER #TYPE_DEFINITION ID #METHOD_ARGS
{16, new ProductionInfo("METHOD_ARGS", 3, "")}, // #METHOD_ARGS LEFT_PAREN #ARGUMENTS_DEFINITION RIGHT_PAREN
{17, new ProductionInfo("METHOD_ARGS", 2, "")}, // #METHOD_ARGS LEFT_PAREN RIGHT_PAREN
{18, new ProductionInfo("ARGUMENTS_DEFINITION", 1, "")}, // #ARGUMENTS_DEFINITION #ARGUMENT_DEFINITION
{19, new ProductionInfo("ARGUMENTS_DEFINITION", 3, "")}, // #ARGUMENTS_DEFINITION #ARGUMENT_DEFINITION COMMA #ARGUMENTS_DEFINITION
{20, new ProductionInfo("ARGUMENT_DEFINITION", 2, "")}, // #ARGUMENT_DEFINITION #TYPE_DEFINITION ID
{21, new ProductionInfo("STATEMENTS_BLOCK", 1, "")}, // #STATEMENTS_BLOCK #STATEMENTS
{22, new ProductionInfo("STATEMENTS_BLOCK", 2, "")}, // #STATEMENTS_BLOCK PASS LINE_END
{23, new ProductionInfo("STATEMENTS", 2, "")}, // #STATEMENTS #STATEMENT #STATEMENTS_S
{24, new ProductionInfo("STATEMENTS_S", 1, "")}, // #STATEMENTS_S #STATEMENTS
{25, new ProductionInfo("STATEMENTS_S", 0, "")}, // #STATEMENTS_S
{26, new ProductionInfo("STATEMENT", 2, "")}, // #STATEMENT #FUNC_CALL LINE_END
{27, new ProductionInfo("STATEMENT", 1, "")}, // #STATEMENT #IF_STATEMENT
{28, new ProductionInfo("STATEMENT", 1, "")}, // #STATEMENT #WHILE_STATEMENT
{29, new ProductionInfo("STATEMENT", 2, "")}, // #STATEMENT #ASSIGN_STATEMENT LINE_END
{30, new ProductionInfo("STATEMENT", 3, "")}, // #STATEMENT RETURN #EXPRESSION LINE_END
{31, new ProductionInfo("ASSIGN_STATEMENT", 3, "")}, // #ASSIGN_STATEMENT ID ASSIGNMENT #EXPRESSION
{32, new ProductionInfo("IF_STATEMENT", 1, "")}, // #IF_STATEMENT #IF_THEN_STATEMENT
{33, new ProductionInfo("IF_STATEMENT", 5, "")}, // #IF_STATEMENT #IF_THEN_STATEMENT ELSE BLOCK_START #STATEMENTS_BLOCK BLOCK_END
{34, new ProductionInfo("IF_THEN_STATEMENT", 7, "")}, // #IF_THEN_STATEMENT IF LEFT_PAREN #OR_TEST RIGHT_PAREN BLOCK_START #STATEMENTS_BLOCK BLOCK_END
{35, new ProductionInfo("WHILE_STATEMENT", 7, "")}, // #WHILE_STATEMENT WHILE LEFT_PAREN #OR_TEST RIGHT_PAREN BLOCK_START #STATEMENTS_BLOCK BLOCK_END
{36, new ProductionInfo("EXPRESSION", 1, "")}, // #EXPRESSION #TERM
{37, new ProductionInfo("EXPRESSION", 1, "")}, // #EXPRESSION #ADD_EXPRESSION
{38, new ProductionInfo("EXPRESSION", 1, "")}, // #EXPRESSION #SUB_EXPRESSION
{39, new ProductionInfo("TERM", 1, "")}, // #TERM #UNARY_EXPRESSION
{40, new ProductionInfo("TERM", 1, "")}, // #TERM #MUL_EXPRESSION
{41, new ProductionInfo("TERM", 1, "")}, // #TERM #DIV_EXPRESSION
{42, new ProductionInfo("TERM", 1, "")}, // #TERM #MOD_EXPRESSION
{43, new ProductionInfo("MUL_EXPRESSION", 3, "")}, // #MUL_EXPRESSION #UNARY_EXPRESSION MULTIPLICATION #TERM
{44, new ProductionInfo("DIV_EXPRESSION", 3, "")}, // #DIV_EXPRESSION #UNARY_EXPRESSION DIV #TERM
{45, new ProductionInfo("MOD_EXPRESSION", 3, "")}, // #MOD_EXPRESSION #UNARY_EXPRESSION MOD #TERM
{46, new ProductionInfo("UNARY_EXPRESSION", 2, "")}, // #UNARY_EXPRESSION MINUS #SIMPLE_TERM
{47, new ProductionInfo("UNARY_EXPRESSION", 1, "")}, // #UNARY_EXPRESSION #SIMPLE_TERM
{48, new ProductionInfo("SIMPLE_TERM", 3, "")}, // #SIMPLE_TERM LEFT_PAREN #EXPRESSION RIGHT_PAREN
{49, new ProductionInfo("SIMPLE_TERM", 1, "")}, // #SIMPLE_TERM ID
{50, new ProductionInfo("SIMPLE_TERM", 1, "")}, // #SIMPLE_TERM INTEGER_VALUE
{51, new ProductionInfo("SIMPLE_TERM", 1, "")}, // #SIMPLE_TERM #BOOL_VALUE
{52, new ProductionInfo("SIMPLE_TERM", 1, "")}, // #SIMPLE_TERM #FUNC_CALL
{53, new ProductionInfo("ADD_EXPRESSION", 3, "")}, // #ADD_EXPRESSION #EXPRESSION PLUS #TERM
{54, new ProductionInfo("SUB_EXPRESSION", 3, "")}, // #SUB_EXPRESSION #EXPRESSION MINUS #TERM
{55, new ProductionInfo("FUNC_CALL", 1, "")}, // #FUNC_CALL #THIS_METHOD_CALL
{56, new ProductionInfo("FUNC_CALL", 1, "")}, // #FUNC_CALL #EXTERNAL_METHOD_CALL
{57, new ProductionInfo("THIS_METHOD_CALL", 2, "")}, // #THIS_METHOD_CALL ID #CALL_ARGS
{58, new ProductionInfo("EXTERNAL_METHOD_CALL", 4, "")}, // #EXTERNAL_METHOD_CALL ID DOT ID #CALL_ARGS
{59, new ProductionInfo("CALL_ARGS", 3, "")}, // #CALL_ARGS LEFT_PAREN #CALL_ARGS_LIST RIGHT_PAREN
{60, new ProductionInfo("CALL_ARGS", 2, "")}, // #CALL_ARGS LEFT_PAREN RIGHT_PAREN
{61, new ProductionInfo("CALL_ARGS_LIST", 1, "")}, // #CALL_ARGS_LIST #EXPRESSION
{62, new ProductionInfo("CALL_ARGS_LIST", 3, "")}, // #CALL_ARGS_LIST #EXPRESSION COMMA #CALL_ARGS_LIST
{63, new ProductionInfo("BOOL_VALUE", 1, "")}, // #BOOL_VALUE TRUE
{64, new ProductionInfo("BOOL_VALUE", 1, "")}, // #BOOL_VALUE FALSE
{65, new ProductionInfo("OR_TEST", 1, "")}, // #OR_TEST #AND_TEST
{66, new ProductionInfo("OR_TEST", 3, "")}, // #OR_TEST #AND_TEST OR #OR_TEST
{67, new ProductionInfo("AND_TEST", 1, "")}, // #AND_TEST #NOT_TEST
{68, new ProductionInfo("AND_TEST", 3, "")}, // #AND_TEST #NOT_TEST AND #AND_TEST
{69, new ProductionInfo("NOT_TEST", 2, "")} // #NOT_TEST NOT #NOT_TEST
{70, new ProductionInfo("NOT_TEST", 1, "")} // #NOT_TEST #EXPRESSION
};
}
