133 78
37 41
EQUAL LTE GTE GT LT NOT AND OR FALSE TRUE DOT MOD DIV MULTIPLICATION MINUS PLUS INTEGER_VALUE IF ELSE ASSIGNMENT PASS COMMA RIGHT_PAREN LEFT_PAREN INT CHAR BOOL STATIC PRIVATE PUBLIC BLOCK_END LINE_END BLOCK_START ID CLASS EOF $ PS_PROGRAM CLASS_DEF CLASS_BODY FIELD_DECLARATIONS FIELD_DECLARATION VISIBILITY_MODIFIER STATIC_MODIFIER TYPE_DEFINITION METHOD_DECLARATIONS METHOD_DECLARATION METHOD_HEADER METHOD_ARGS ARGUMENTS_DEFINITION ARGUMENT_DEFINITION STATEMENTS_BLOCK STATEMENTS STATEMENT EXPRESSION_STATEMENT ASSIGN_STATEMENT IF_STATEMENT IF_THEN_STATEMENT EXPRESSION EXPRESSION_S TERM TERM_S SIMPLE_TERM FIRST_PREC_OPERATOR SECOND_PREC_OPERATOR FUNC_CALL THIS_METHOD_CALL EXTERNAL_METHOD_CALL CALL_ARGS CALL_ARGS_LIST CALL_ARG BOOL_VALUE CONDITION_EXPR OR_TEST AND_TEST NOT_TEST COMPARISON COMPARE_OPERATION
0: - - - - - - - - - - - - - - - - - - - - - - - - - - - - - - - - - - S4 - - G1 G2 - - - - - - - - - - - - - - - - - - - - - - - - - - - - - - - - - - - - - - -
1: - - - - - - - - - - - - - - - - - - - - - - - - - - - - - - - - - - - - Accept - - - - - - - - - - - - - - - - - - - - - - - - - - - - - - - - - - - - - - - - -
2: - - - - - - - - - - - - - - - - - - - - - - - - - - - - - - - - - - - S3 - - - - - - - - - - - - - - - - - - - - - - - - - - - - - - - - - - - - - - - - - -
3: - - - - - - - - - - - - - - - - - - - - - - - - - - - - - - - - - - - - R1 - - - - - - - - - - - - - - - - - - - - - - - - - - - - - - - - - - - - - - - - -
4: - - - - - - - - - - - - - - - - - - - - - - - - - - - - - - - - - S5 - - - - - - - - - - - - - - - - - - - - - - - - - - - - - - - - - - - - - - - - - - - -
5: - - - - - - - - - - - - - - - - - - - - - - - - - - - - - - - - S7 - - - - - - G6 - - - - - - - - - - - - - - - - - - - - - - - - - - - - - - - - - - - - - -
6: - - - - - - - - - - - - - - - - - - - - - - - - - - - - - - - - - - - R2 - - - - - - - - - - - - - - - - - - - - - - - - - - - - - - - - - - - - - - - - - -
7: - - - - - - - - - - - - - - - - - - - - - - - - - - - - - - - S8 - - - - - - - - - - - - - - - - - - - - - - - - - - - - - - - - - - - - - - - - - - - - - -
8: - - - - - - - - - - - - - - - - - - - - - - - - - - - - S124 S125 - - - - - - - - - - G9 G126 G129 - - - - - - - - - - - - - - - - - - - - - - - - - - - - - - - - - - -
9: - - - - - - - - - - - - - - - - - - - - - - - - - - - - - - - S10 - - - - - - - - - - - - - - - - - - - - - - - - - - - - - - - - - - - - - - - - - - - - - -
10: - - - - - - - - - - - - - - - - - - - - - - - - - - - - S124 S125 - - - - - - - - - - - - G107 - - G11 G13 G16 - - - - - - - - - - - - - - - - - - - - - - - - - - - - - -
11: - - - - - - - - - - - - - - - - - - - - - - - - - - - - - - S12 - - - - - - - - - - - - - - - - - - - - - - - - - - - - - - - - - - - - - - - - - - - - - - -
12: - - - - - - - - - - - - - - - - - - - - - - - - - - - - - - - - - - - R3 - - - - - - - - - - - - - - - - - - - - - - - - - - - - - - - - - - - - - - - - - -
13: - - - - - - - - - - - - - - - - - - - - - - - - - - - - - - - S14 - - - - - - - - - - - - - - - - - - - - - - - - - - - - - - - - - - - - - - - - - - - - - -
14: - - - - - - - - - - - - - - - - - - - - - - - - - - - - S124 S125 R14 - - - - - - - - - - - G107 - - G15 G13 G16 - - - - - - - - - - - - - - - - - - - - - - - - - - - - - -
15: - - - - - - - - - - - - - - - - - - - - - - - - - - - - - - R15 - - - - - - - - - - - - - - - - - - - - - - - - - - - - - - - - - - - - - - - - - - - - - - -
16: - - - - - - - - - - - - - - - - - - - - - - - - - - - - - - - - S17 - - - - - - - - - - - - - - - - - - - - - - - - - - - - - - - - - - - - - - - - - - - - -
17: - - - - - - - - - - - - - - R39 R39 S48 S100 - - S20 R39 R39 S50 - - - - - - - R39 - S29 - - - - - - - - - - - - - - - - - G18 G22 G23 G28 G25 G27 G93 G98 - G33 - G40 - - G32 G54 G53 - - - - - - - - - -
18: - - - - - - - - - - - - - - - - - - - - - - - - - - - - - - S19 - - - - - - - - - - - - - - - - - - - - - - - - - - - - - - - - - - - - - - - - - - - - - - -
19: - - - - - - - - - - - - - - - - - - - - - - - - - - - - - - - R16 - - - - - - - - - - - - - - - - - - - - - - - - - - - - - - - - - - - - - - - - - - - - - -
20: - - - - - - - - - - - - - - - - - - - - - - - - - - - - - - - S21 - - - - - - - - - - - - - - - - - - - - - - - - - - - - - - - - - - - - - - - - - - - - - -
21: - - - - - - - - - - - - - - - - - - - - - - - - - - - - - - R23 - - - - - - - - - - - - - - - - - - - - - - - - - - - - - - - - - - - - - - - - - - - - - - -
22: - - - - - - - - - - - - - - - - - - - - - - - - - - - - - - R22 - - - - - - - - - - - - - - - - - - - - - - - - - - - - - - - - - - - - - - - - - - - - - - -
23: - - - - - - - - - - - - - - R39 R39 S48 S100 - - - R39 R39 S50 - - - - - - R24 R39 - S29 - - - - - - - - - - - - - - - - - - G24 G23 G28 G25 G27 G93 G98 - G33 - G40 - - G32 G54 G53 - - - - - - - - - -
24: - - - - - - - - - - - - - - - - - - - - - - - - - - - - - - R25 - - - - - - - - - - - - - - - - - - - - - - - - - - - - - - - - - - - - - - - - - - - - - - -
25: - - - - - - - - - - - - - - - - - - - - - - - - - - - - - - - S26 - - - - - - - - - - - - - - - - - - - - - - - - - - - - - - - - - - - - - - - - - - - - - -
26: - - - - - - - - - - - - - - R28 R28 R28 R28 - - - - - R28 - - - - - - R28 R28 - R28 - - - - - - - - - - - - - - - - - - - - - - - - - - - - - - - - - - - - - - - - - - - -
27: - - - - - - - - - - - - - - R27 R27 R27 R27 - - - - - R27 - - - - - - R27 R27 - R27 - - - - - - - - - - - - - - - - - - - - - - - - - - - - - - - - - - - - - - - - - - - -
28: - - - - - - - - - - - - - - R26 R26 R26 R26 - - - - - R26 - - - - - - R26 R26 - R26 - - - - - - - - - - - - - - - - - - - - - - - - - - - - - - - - - - - - - - - - - - - -
29: - - - - - - - - - - S56 R43 R43 R43 R43 R43 - - - S30 - R43 R43 S59 - - - - - - - R43 - - - - - - - - - - - - - - - - - - - - - - - - - - - - - - - - - - - - G91 - - - - - - - - -
30: - - - - - - - - - - - - - - R39 R39 S48 - - - - R39 R39 S50 - - - - - - - R39 - S55 - - - - - - - - - - - - - - - - - - - - - - - - G31 - G33 - G40 - - G32 G54 G53 - - - - - - - - - -
31: - - - - - - - - - - - - - - - - - - - - - - - - - - - - - - - R30 - - - - - - - - - - - - - - - - - - - - - - - - - - - - - - - - - - - - - - - - - - - - - -
32: - - - - - - - - - - - - - - - - - - - - - R35 R35 - - - - - - - - R35 - - - - - - - - - - - - - - - - - - - - - - - - - - - - - - - - - - - - - - - - - - - - - -
33: - - - - - - - - - - - - - - S38 S39 - - - - - R37 R37 - - - - - - - - R37 - - - - - - - - - - - - - - - - - - - - - - - - - - - G34 - - - G35 - - - - - - - - - - - - - -
34: - - - - - - - - - - - - - - - - - - - - - R34 R34 - - - - - - - - R34 - - - - - - - - - - - - - - - - - - - - - - - - - - - - - - - - - - - - - - - - - - - - - -
35: - - - - - - - - - - - - - - R39 R39 S48 - - - - R39 R39 S50 - - - - - - - R39 - S49 - - - - - - - - - - - - - - - - - - - - - - - - - - G36 - G40 - - - - - - - - - - - - - - -
36: - - - - - - - - - - - - - - S38 S39 - - - - - R37 R37 - - - - - - - - R37 - - - - - - - - - - - - - - - - - - - - - - - - - - - G37 - - - G35 - - - - - - - - - - - - - -
37: - - - - - - - - - - - - - - - - - - - - - R36 R36 - - - - - - - - R36 - - - - - - - - - - - - - - - - - - - - - - - - - - - - - - - - - - - - - - - - - - - - - -
38: - - - - - - - - - - - - - - R46 R46 R46 - - - - R46 R46 R46 - - - - - - - R46 - R46 - - - - - - - - - - - - - - - - - - - - - - - - - - - - - - - - - - - - - - - - - - - -
39: - - - - - - - - - - - - - - R45 R45 R45 - - - - R45 R45 R45 - - - - - - - R45 - R45 - - - - - - - - - - - - - - - - - - - - - - - - - - - - - - - - - - - - - - - - - - - -
40: - - - - - - - - - - - S45 S46 S47 R41 R41 - - - - - R41 R41 - - - - - - - - R41 - - - - - - - - - - - - - - - - - - - - - - - - - - - - - G41 - - G42 - - - - - - - - - - - - -
41: - - - - - - - - - - - - - - R38 R38 - - - - - R38 R38 - - - - - - - - R38 - - - - - - - - - - - - - - - - - - - - - - - - - - - - - - - - - - - - - - - - - - - - - -
42: - - - - - - - - - - - - - - - - S48 - - - - - - S50 - - - - - - - - - S49 - - - - - - - - - - - - - - - - - - - - - - - - - - - - G43 - - - - - - - - - - - - - - -
43: - - - - - - - - - - - S45 S46 S47 R41 R41 - - - - - R41 R41 - - - - - - - - R41 - - - - - - - - - - - - - - - - - - - - - - - - - - - - - G44 - - G42 - - - - - - - - - - - - -
44: - - - - - - - - - - - - - - R40 R40 - - - - - R40 R40 - - - - - - - - R40 - - - - - - - - - - - - - - - - - - - - - - - - - - - - - - - - - - - - - - - - - - - - - -
45: - - - - - - - - - - - - - - - - R49 - - - - - - R49 - - - - - - - - - R49 - - - - - - - - - - - - - - - - - - - - - - - - - - - - - - - - - - - - - - - - - - - -
46: - - - - - - - - - - - - - - - - R48 - - - - - - R48 - - - - - - - - - R48 - - - - - - - - - - - - - - - - - - - - - - - - - - - - - - - - - - - - - - - - - - - -
47: - - - - - - - - - - - - - - - - R47 - - - - - - R47 - - - - - - - - - R47 - - - - - - - - - - - - - - - - - - - - - - - - - - - - - - - - - - - - - - - - - - - -
48: - - - - - - - - - - - R44 R44 R44 R44 R44 - - - - - R44 R44 - - - - - - - - R44 - - - - - - - - - - - - - - - - - - - - - - - - - - - - - - - - - - - - - - - - - - - - - -
49: - - - - - - - - - - - R43 R43 R43 R43 R43 - - - - - R43 R43 - - - - - - - - R43 - - - - - - - - - - - - - - - - - - - - - - - - - - - - - - - - - - - - - - - - - - - - - -
50: - - - - - - - - - - - - - - R39 R39 S48 - - - - R39 R39 S50 - - - - - - - R39 - S55 - - - - - - - - - - - - - - - - - - - - - - - - G51 - G33 - G40 - - G32 G54 G53 - - - - - - - - - -
51: - - - - - - - - - - - - - - - - - - - - - - S52 - - - - - - - - - - - - - - - - - - - - - - - - - - - - - - - - - - - - - - - - - - - - - - - - - - - - - - -
52: - - - - - - - - - - - R42 R42 R42 R42 R42 - - - - - R42 R42 - - - - - - - - R42 - - - - - - - - - - - - - - - - - - - - - - - - - - - - - - - - - - - - - - - - - - - - - -
53: R51 R51 R51 R51 R51 - R51 R51 - - - - - - - - - - - - - R51 R51 - - - - - - - - R51 - - - - - - - - - - - - - - - - - - - - - - - - - - - - - - - - - - - - - - - - - - - - - -
54: R50 R50 R50 R50 R50 - R50 R50 - - - - - - - - - - - - - R50 R50 - - - - - - - - R50 - - - - - - - - - - - - - - - - - - - - - - - - - - - - - - - - - - - - - - - - - - - - - -
55: - - - - - - - - - - S56 R43 R43 R43 R43 R43 - - - - - R43 R43 S59 - - - - - - - R43 - - - - - - - - - - - - - - - - - - - - - - - - - - - - - - - - - - - - G91 - - - - - - - - -
56: - - - - - - - - - - - - - - - - - - - - - - - - - - - - - - - - - S57 - - - - - - - - - - - - - - - - - - - - - - - - - - - - - - - - - - - - - - - - - - - -
57: - - - - - - - - - - - - - - - - - - - - - - - S59 - - - - - - - - - - - - - - - - - - - - - - - - - - - - - - - - - - - - - - - - - - - - G58 - - - - - - - - -
58: R53 R53 R53 R53 R53 - R53 R53 - - - - - - - - - - - - - R53 R53 - - - - - - - - R53 - - - - - - - - - - - - - - - - - - - - - - - - - - - - - - - - - - - - - - - - - - - - - -
59: - - - - - S86 - - S88 S89 - - - - R39 R39 S48 - - - - R39 S60/R39 S50 - - - - - - - R39 - S55 - - - - - - - - - - - - - - - - - - - - - - - - G66 - G33 - G40 - - G92 G54 G53 - G61 G63 G77 G67 G76 G79 G82 G85 -
60: R55 R55 R55 R55 R55 - R55 R55 - - - - - - - - - - - - - R55 R55 - - - - - - - - R55 - - - - - - - - - - - - - - - - - - - - - - - - - - - - - - - - - - - - - - - - - - - - - -
61: - - - - - - - - - - - - - - - - - - - - - - S62 - - - - - - - - - - - - - - - - - - - - - - - - - - - - - - - - - - - - - - - - - - - - - - - - - - - - - - -
62: R54 R54 R54 R54 R54 - R54 R54 - - - - - - - - - - - - - R54 R54 - - - - - - - - R54 - - - - - - - - - - - - - - - - - - - - - - - - - - - - - - - - - - - - - - - - - - - - - -
63: - - - - - - - - - - - - - - - - - - - - - S64 R56 - - - - - - - - - - - - - - - - - - - - - - - - - - - - - - - - - - - - - - - - - - - - - - - - - - - - - - -
64: - - - - - S86 - - S88 S89 - - - - R39 R39 S48 - - - - R39 R39 S50 - - - - - - - R39 - S55 - - - - - - - - - - - - - - - - - - - - - - - - G66 - G33 - G40 - - G92 G54 G53 - G65 G63 G77 G67 G76 G79 G82 G85 -
65: - - - - - - - - - - - - - - - - - - - - - - R57 - - - - - - - - - - - - - - - - - - - - - - - - - - - - - - - - - - - - - - - - - - - - - - - - - - - - - - -
66: - - - - - - - - - - - - - - - - - - - - - R59 R59 - - - - - - - - - - - - - - - - - - - - - - - - - - - - - - - - - - - - - - - - - - - - - - - - - - - - - - -
67: S71/R71 S72/R71 S73/R71 S74/R71 S75/R71 - R71 R71 - - - - - - - - - - - - - R58/R71 R58/R71 - - - - - - - - - - - - - - - - - - - - - - - - - - - - - - - - - - - - - - - - - - - - - - - - - - - - - - G68
68: - - - - - S86 - - S88 S89 - - - - - - - - - - - - - - - - - - - - - - - S90 - - - - - - - - - - - - - - - - - - - - - - - - - - - - - - - G78 G54 G53 - - - G77 G70 G76 G79 G82 G69 -
69: R72/R70 R72/R70 R72/R70 R72/R70 R72/R70 - R72/R70 R72/R70 - - - - - - - - - - - - - R72/R70 R72/R70 - - - - - - - - - - - - - - - - - - - - - - - - - - - - - - - - - - - - - - - - - - - - - - - - - - - - - - -
70: S71/R71 S72/R71 S73/R71 S74/R71 S75/R71 - R71 R71 - - - - - - - - - - - - - R71 R71 - - - - - - - - - - - - - - - - - - - - - - - - - - - - - - - - - - - - - - - - - - - - - - - - - - - - - - G68
71: - - - - - R77 - - R77 R77 - - - - - - - - - - - - - - - - - - - - - - - R77 - - - - - - - - - - - - - - - - - - - - - - - - - - - - - - - - - - - - - - - - - - - -
72: - - - - - R76 - - R76 R76 - - - - - - - - - - - - - - - - - - - - - - - R76 - - - - - - - - - - - - - - - - - - - - - - - - - - - - - - - - - - - - - - - - - - - -
73: - - - - - R75 - - R75 R75 - - - - - - - - - - - - - - - - - - - - - - - R75 - - - - - - - - - - - - - - - - - - - - - - - - - - - - - - - - - - - - - - - - - - - -
74: - - - - - R74 - - R74 R74 - - - - - - - - - - - - - - - - - - - - - - - R74 - - - - - - - - - - - - - - - - - - - - - - - - - - - - - - - - - - - - - - - - - - - -
75: - - - - - R73 - - R73 R73 - - - - - - - - - - - - - - - - - - - - - - - R73 - - - - - - - - - - - - - - - - - - - - - - - - - - - - - - - - - - - - - - - - - - - -
76: R64 R64 R64 R64 R64 - R64 R64 - - - - - - - - - - - - - R64 R64 - - - - - - - - - - - - - - - - - - - - - - - - - - - - - - - - - - - - - - - - - - - - - - - - - - - - - - -
77: R63 R63 R63 R63 R63 - R63 R63 - - - - - - - - - - - - - R63 R63 - - - - - - - - - - - - - - - - - - - - - - - - - - - - - - - - - - - - - - - - - - - - - - - - - - - - - - -
78: R62 R62 R62 R62 R62 - R62 R62 - - - - - - - - - - - - - R62 R62 - - - - - - - - - - - - - - - - - - - - - - - - - - - - - - - - - - - - - - - - - - - - - - - - - - - - - - -
79: R65 R65 R65 R65 R65 - R65 S80/R65 - - - - - - - - - - - - - R65 R65 - - - - - - - - - - - - - - - - - - - - - - - - - - - - - - - - - - - - - - - - - - - - - - - - - - - - - - -
80: - - - - - S86 - - S88 S89 - - - - - - - - - - - - - - - - - - - - - - - S90 - - - - - - - - - - - - - - - - - - - - - - - - - - - - - - - G78 G54 G53 - - - G77 G70 G81 G79 G82 G85 -
81: R66/R64 R66/R64 R66/R64 R66/R64 R66/R64 - R66/R64 R66/R64 - - - - - - - - - - - - - R66/R64 R66/R64 - - - - - - - - - - - - - - - - - - - - - - - - - - - - - - - - - - - - - - - - - - - - - - - - - - - - - - -
82: R67 R67 R67 R67 R67 - S83/R67 R67 - - - - - - - - - - - - - R67 R67 - - - - - - - - - - - - - - - - - - - - - - - - - - - - - - - - - - - - - - - - - - - - - - - - - - - - - - -
83: - - - - - S86 - - S88 S89 - - - - - - - - - - - - - - - - - - - - - - - S90 - - - - - - - - - - - - - - - - - - - - - - - - - - - - - - - G78 G54 G53 - - - G77 G70 G76 G84 G82 G85 -
84: R68/R65 R68/R65 R68/R65 R68/R65 R68/R65 - R68/R65 S80/R68/R65 - - - - - - - - - - - - - R68/R65 R68/R65 - - - - - - - - - - - - - - - - - - - - - - - - - - - - - - - - - - - - - - - - - - - - - - - - - - - - - - -
85: R70 R70 R70 R70 R70 - R70 R70 - - - - - - - - - - - - - R70 R70 - - - - - - - - - - - - - - - - - - - - - - - - - - - - - - - - - - - - - - - - - - - - - - - - - - - - - - -
86: - - - - - S86 - - S88 S89 - - - - - - - - - - - - - - - - - - - - - - - S90 - - - - - - - - - - - - - - - - - - - - - - - - - - - - - - - G78 G54 G53 - - - G77 G70 G76 G79 G87 G85 -
87: R69/R67 R69/R67 R69/R67 R69/R67 R69/R67 - S83/R69/R67 R69/R67 - - - - - - - - - - - - - R69/R67 R69/R67 - - - - - - - - - - - - - - - - - - - - - - - - - - - - - - - - - - - - - - - - - - - - - - - - - - - - - - -
88: R61 R61 R61 R61 R61 - R61 R61 - - - - - - - - - - - - - R61 R61 - - - - - - - - - - - - - - - - - - - - - - - - - - - - - - - - - - - - - - - - - - - - - - - - - - - - - - -
89: R60 R60 R60 R60 R60 - R60 R60 - - - - - - - - - - - - - R60 R60 - - - - - - - - - - - - - - - - - - - - - - - - - - - - - - - - - - - - - - - - - - - - - - - - - - - - - - -
90: - - - - - - - - - - S56 - - - - - - - - - - - - S59 - - - - - - - - - - - - - - - - - - - - - - - - - - - - - - - - - - - - - - - - - - - - G91 - - - - - - - - -
91: R52 R52 R52 R52 R52 - R52 R52 - - - - - - - - - - - - - R52 R52 - - - - - - - - R52 - - - - - - - - - - - - - - - - - - - - - - - - - - - - - - - - - - - - - - - - - - - - - -
92: R62 R62 R62 R62 R62 - R62 R62 - - - - - - - - - - - - - R35/R62 R35/R62 - - - - - - - - R35 - - - - - - - - - - - - - - - - - - - - - - - - - - - - - - - - - - - - - - - - - - - - - -
93: - - - - - - - - - - - - - - R31 R31 R31 R31 S94 - - - - R31 - - - - - - R31 R31 - R31 - - - - - - - - - - - - - - - - - - - - - - - - - - - - - - - - - - - - - - - - - - - -
94: - - - - - - - - - - - - - - - - - - - - - - - - - - - - - - - - S95 - - - - - - - - - - - - - - - - - - - - - - - - - - - - - - - - - - - - - - - - - - - - -
95: - - - - - - - - - - - - - - R39 R39 S48 S100 - - S20 R39 R39 S50 - - - - - - - R39 - S29 - - - - - - - - - - - - - - - - - G96 G22 G23 G28 G25 G27 G93 G98 - G33 - G40 - - G32 G54 G53 - - - - - - - - - -
96: - - - - - - - - - - - - - - - - - - - - - - - - - - - - - - S97 - - - - - - - - - - - - - - - - - - - - - - - - - - - - - - - - - - - - - - - - - - - - - - -
97: - - - - - - - - - - - - - - R32 R32 R32 R32 - - - - - R32 - - - - - - R32 R32 - R32 - - - - - - - - - - - - - - - - - - - - - - - - - - - - - - - - - - - - - - - - - - - -
98: - - - - - - - - - - - - - - - - - - - - - - - - - - - - - - - S99 - - - - - - - - - - - - - - - - - - - - - - - - - - - - - - - - - - - - - - - - - - - - - -
99: - - - - - - - - - - - - - - R29 R29 R29 R29 - - - - - R29 - - - - - - R29 R29 - R29 - - - - - - - - - - - - - - - - - - - - - - - - - - - - - - - - - - - - - - - - - - - -
100: - - - - - - - - - - - - - - - - - - - - - - - S101 - - - - - - - - - - - - - - - - - - - - - - - - - - - - - - - - - - - - - - - - - - - - - - - - - - - - - -
101: - - - - - S86 - - S88 S89 - - - - - - - - - - - - - - - - - - - - - - - S90 - - - - - - - - - - - - - - - - - - - - - - - - - - - - - - - G78 G54 G53 - - - G77 G102 G76 G79 G82 G85 -
102: S71/R71 S72/R71 S73/R71 S74/R71 S75/R71 - R71 R71 - - - - - - - - - - - - - R71 S103/R71 - - - - - - - - - - - - - - - - - - - - - - - - - - - - - - - - - - - - - - - - - - - - - - - - - - - - - - G68
103: - - - - - - - - - - - - - - - - - - - - - - - - - - - - - - - - S104 - - - - - - - - - - - - - - - - - - - - - - - - - - - - - - - - - - - - - - - - - - - - -
104: - - - - - - - - - - - - - - R39 R39 S48 S100 - - S20 R39 R39 S50 - - - - - - - R39 - S29 - - - - - - - - - - - - - - - - - G105 G22 G23 G28 G25 G27 G93 G98 - G33 - G40 - - G32 G54 G53 - - - - - - - - - -
105: - - - - - - - - - - - - - - - - - - - - - - - - - - - - - - S106 - - - - - - - - - - - - - - - - - - - - - - - - - - - - - - - - - - - - - - - - - - - - - - -
106: - - - - - - - - - - - - - - R33 R33 R33 R33 R33 - - - - R33 - - - - - - R33 R33 - R33 - - - - - - - - - - - - - - - - - - - - - - - - - - - - - - - - - - - - - - - - - - - -
107: - - - - - - - - - - - - - - - - - - - - - - - - R10 R10 R10 S123 - - - - - - - - - - - - - - - G108 - - - - - - - - - - - - - - - - - - - - - - - - - - - - - - - - - -
108: - - - - - - - - - - - - - - - - - - - - - - - - S120 S121 S122 - - - - - - - - - - - - - - - - - G109 - - - - - - - - - - - - - - - - - - - - - - - - - - - - - - - - -
109: - - - - - - - - - - - - - - - - - - - - - - - - - - - - - - - - - S110 - - - - - - - - - - - - - - - - - - - - - - - - - - - - - - - - - - - - - - - - - - - -
110: - - - - - - - - - - - - - - - - - - - - - - - S112 - - - - - - - - - - - - - - - - - - - - - - - - G111 - - - - - - - - - - - - - - - - - - - - - - - - - - - - -
111: - - - - - - - - - - - - - - - - - - - - - - - - - - - - - - - - R17 - - - - - - - - - - - - - - - - - - - - - - - - - - - - - - - - - - - - - - - - - - - - -
112: - - - - - - - - - - - - - - - - - - - - - - - - S120 S121 S122 - - - - - - - - - - - - - - - - - G118 - - - - G113 G115 - - - - - - - - - - - - - - - - - - - - - - - - - - -
113: - - - - - - - - - - - - - - - - - - - - - - S114 - - - - - - - - - - - - - - - - - - - - - - - - - - - - - - - - - - - - - - - - - - - - - - - - - - - - - - -
114: - - - - - - - - - - - - - - - - - - - - - - - - - - - - - - - - R18 - - - - - - - - - - - - - - - - - - - - - - - - - - - - - - - - - - - - - - - - - - - - -
115: - - - - - - - - - - - - - - - - - - - - - S116 R19 - - - - - - - - - - - - - - - - - - - - - - - - - - - - - - - - - - - - - - - - - - - - - - - - - - - - - - -
116: - - - - - - - - - - - - - - - - - - - - - - - - S120 S121 S122 - - - - - - - - - - - - - - - - - G118 - - - - G117 G115 - - - - - - - - - - - - - - - - - - - - - - - - - - -
117: - - - - - - - - - - - - - - - - - - - - - - R20 - - - - - - - - - - - - - - - - - - - - - - - - - - - - - - - - - - - - - - - - - - - - - - - - - - - - - - -
118: - - - - - - - - - - - - - - - - - - - - - - - - - - - - - - - - - S119 - - - - - - - - - - - - - - - - - - - - - - - - - - - - - - - - - - - - - - - - - - - -
119: - - - - - - - - - - - - - - - - - - - - - R21 R21 - - - - - - - - - - - - - - - - - - - - - - - - - - - - - - - - - - - - - - - - - - - - - - - - - - - - - - -
120: - - - - - - - - - - - - - - - - - - - - - - - - - - - - - - - - - R13 - - - - - - - - - - - - - - - - - - - - - - - - - - - - - - - - - - - - - - - - - - - -
121: - - - - - - - - - - - - - - - - - - - - - - - - - - - - - - - - - R12 - - - - - - - - - - - - - - - - - - - - - - - - - - - - - - - - - - - - - - - - - - - -
122: - - - - - - - - - - - - - - - - - - - - - - - - - - - - - - - - - R11 - - - - - - - - - - - - - - - - - - - - - - - - - - - - - - - - - - - - - - - - - - - -
123: - - - - - - - - - - - - - - - - - - - - - - - - R9 R9 R9 - - - - - - - - - - - - - - - - - - - - - - - - - - - - - - - - - - - - - - - - - - - - - - - - - - -
124: - - - - - - - - - - - - - - - - - - - - - - - - R8 R8 R8 R8 - - - - - - - - - - - - - - - - - - - - - - - - - - - - - - - - - - - - - - - - - - - - - - - - - -
125: - - - - - - - - - - - - - - - - - - - - - - - - R7 R7 R7 R7 - - - - - - - - - - - - - - - - - - - - - - - - - - - - - - - - - - - - - - - - - - - - - - - - - -
126: - - - - - - - - - - - - - - - - - - - - - - - - - - - - - - - S127 - - - - - - - - - - - - - - - - - - - - - - - - - - - - - - - - - - - - - - - - - - - - - -
127: - - - - - - - - - - - - - - - - - - - - - - - - - - - - S124 S125 - R4 - - - - - - - - G128 G126 G129 - - - - - - - - - - - - - - - - - - - - - - - - - - - - - - - - - - -
128: - - - - - - - - - - - - - - - - - - - - - - - - - - - - - - - R5 - - - - - - - - - - - - - - - - - - - - - - - - - - - - - - - - - - - - - - - - - - - - - -
129: - - - - - - - - - - - - - - - - - - - - - - - - R10 R10 R10 S123 - - - - - - - - - - - - - - - G130 - - - - - - - - - - - - - - - - - - - - - - - - - - - - - - - - - -
130: - - - - - - - - - - - - - - - - - - - - - - - - S120 S121 S122 - - - - - - - - - - - - - - - - - G131 - - - - - - - - - - - - - - - - - - - - - - - - - - - - - - - - -
131: - - - - - - - - - - - - - - - - - - - - - - - - - - - - - - - - - S132 - - - - - - - - - - - - - - - - - - - - - - - - - - - - - - - - - - - - - - - - - - - -
132: - - - - - - - - - - - - - - - - - - - - - - - - - - - - - - - R6 - - - - - - - - - - - - - - - - - - - - - - - - - - - - - - - - - - - - - - - - - - - - - -
